Mon Jul 13 2020 13:40:49 GMT+0300 (GMT+03:00) GET /html.html
Mon Jul 13 2020 13:58:08 GMT+0300 (GMT+03:00) GET /
Mon Jul 13 2020 13:58:12 GMT+0300 (GMT+03:00) GET /
Mon Jul 13 2020 13:58:17 GMT+0300 (GMT+03:00) GET /
Mon Jul 13 2020 14:00:17 GMT+0300 (GMT+03:00) GET /
Mon Jul 13 2020 14:03:15 GMT+0300 (GMT+03:00) GET /
Mon Jul 13 2020 14:05:12 GMT+0300 (GMT+03:00) GET /
Mon Jul 13 2020 14:06:36 GMT+0300 (GMT+03:00) GET /
Mon Jul 13 2020 14:11:26 GMT+0300 (GMT+03:00) GET /
Mon Jul 13 2020 14:13:25 GMT+0300 (GMT+03:00) GET /
Mon Jul 13 2020 14:13:25 GMT+0300 (GMT+03:00) GET /css.css
Mon Jul 13 2020 16:16:45 GMT+0300 (GMT+03:00) GET /css.css
Mon Jul 13 2020 16:20:57 GMT+0300 (GMT+03:00) GET /
Mon Jul 13 2020 16:20:57 GMT+0300 (GMT+03:00) GET /css.css
Mon Jul 13 2020 16:21:05 GMT+0300 (GMT+03:00) GET /css.css
Mon Jul 13 2020 16:25:35 GMT+0300 (GMT+03:00) GET /
Mon Jul 13 2020 16:25:35 GMT+0300 (GMT+03:00) GET /css.css
Tue Jul 14 2020 14:38:23 GMT+0300 (GMT+03:00) GET /
Tue Jul 14 2020 14:38:23 GMT+0300 (GMT+03:00) GET /css/css.css
Tue Jul 14 2020 14:38:23 GMT+0300 (GMT+03:00) GET /bs/css/bootstrap.min.css
Tue Jul 14 2020 14:38:23 GMT+0300 (GMT+03:00) GET /css/animate.css
Tue Jul 14 2020 14:38:23 GMT+0300 (GMT+03:00) GET /bs/js/jquery-3.5.1.js
Tue Jul 14 2020 14:38:24 GMT+0300 (GMT+03:00) GET /bs/js/popper.min.js
Tue Jul 14 2020 14:38:24 GMT+0300 (GMT+03:00) GET /bs/js/bootstrap.min.js
Tue Jul 14 2020 14:38:24 GMT+0300 (GMT+03:00) GET /js/js.js
Tue Jul 14 2020 14:38:24 GMT+0300 (GMT+03:00) GET /js/wow.min.js
Tue Jul 14 2020 14:38:24 GMT+0300 (GMT+03:00) GET /src/pictures/meeting.jpg
Tue Jul 14 2020 14:38:24 GMT+0300 (GMT+03:00) GET /src/pictures/plane.jpg
Tue Jul 14 2020 14:38:24 GMT+0300 (GMT+03:00) GET /src/pictures/hostel.jpg
Tue Jul 14 2020 14:38:24 GMT+0300 (GMT+03:00) GET /src/pictures/mountains.jpg
Tue Jul 14 2020 14:38:24 GMT+0300 (GMT+03:00) GET /src/pictures/deal.jpg
Tue Jul 14 2020 14:38:24 GMT+0300 (GMT+03:00) GET /src/pictures/cards.png
Tue Jul 14 2020 14:38:24 GMT+0300 (GMT+03:00) GET /src/pictures/water.jpg
Tue Jul 14 2020 14:38:24 GMT+0300 (GMT+03:00) GET /src/pictures/people.jpg
Tue Jul 14 2020 14:38:24 GMT+0300 (GMT+03:00) GET /src/pictures/icon_top.png
Tue Jul 14 2020 14:38:25 GMT+0300 (GMT+03:00) GET /src/fonts/CormorantInfant-Regular.ttf
Tue Jul 14 2020 14:38:25 GMT+0300 (GMT+03:00) GET /src/fonts/Montserrat-ExtraLight.ttf
Tue Jul 14 2020 14:38:25 GMT+0300 (GMT+03:00) GET /src/pictures/globe.svg
Tue Jul 14 2020 14:38:52 GMT+0300 (GMT+03:00) POST /
Tue Jul 14 2020 15:02:50 GMT+0300 (GMT+03:00) POST /
Tue Jul 14 2020 15:03:01 GMT+0300 (GMT+03:00) GET /src/pictures/globe.svg
Tue Jul 14 2020 15:03:07 GMT+0300 (GMT+03:00) POST /
Tue Jul 14 2020 15:06:44 GMT+0300 (GMT+03:00) POST /
Tue Jul 14 2020 15:07:28 GMT+0300 (GMT+03:00) GET /
Tue Jul 14 2020 15:07:28 GMT+0300 (GMT+03:00) GET /css/css.css
Tue Jul 14 2020 15:07:28 GMT+0300 (GMT+03:00) GET /bs/css/bootstrap.min.css
Tue Jul 14 2020 15:07:28 GMT+0300 (GMT+03:00) GET /bs/js/popper.min.js
Tue Jul 14 2020 15:07:28 GMT+0300 (GMT+03:00) GET /css/animate.css
Tue Jul 14 2020 15:07:28 GMT+0300 (GMT+03:00) GET /bs/js/jquery-3.5.1.js
Tue Jul 14 2020 15:07:28 GMT+0300 (GMT+03:00) GET /bs/js/bootstrap.min.js
Tue Jul 14 2020 15:07:28 GMT+0300 (GMT+03:00) GET /js/js.js
Tue Jul 14 2020 15:07:28 GMT+0300 (GMT+03:00) GET /js/wow.min.js
Tue Jul 14 2020 15:07:28 GMT+0300 (GMT+03:00) GET /src/pictures/meeting.jpg
Tue Jul 14 2020 15:07:28 GMT+0300 (GMT+03:00) GET /src/pictures/plane.jpg
Tue Jul 14 2020 15:07:28 GMT+0300 (GMT+03:00) GET /src/pictures/hostel.jpg
Tue Jul 14 2020 15:07:28 GMT+0300 (GMT+03:00) GET /src/pictures/mountains.jpg
Tue Jul 14 2020 15:07:28 GMT+0300 (GMT+03:00) GET /src/pictures/deal.jpg
Tue Jul 14 2020 15:07:28 GMT+0300 (GMT+03:00) GET /src/pictures/cards.png
Tue Jul 14 2020 15:07:28 GMT+0300 (GMT+03:00) GET /src/pictures/water.jpg
Tue Jul 14 2020 15:07:28 GMT+0300 (GMT+03:00) GET /src/pictures/people.jpg
Tue Jul 14 2020 15:07:28 GMT+0300 (GMT+03:00) GET /src/pictures/icon_top.png
Tue Jul 14 2020 15:07:28 GMT+0300 (GMT+03:00) GET /src/fonts/CormorantInfant-Regular.ttf
Tue Jul 14 2020 15:07:28 GMT+0300 (GMT+03:00) GET /src/fonts/Montserrat-ExtraLight.ttf
Tue Jul 14 2020 15:07:28 GMT+0300 (GMT+03:00) GET /src/pictures/globe.svg
Tue Jul 14 2020 15:08:05 GMT+0300 (GMT+03:00) POST /
Tue Jul 14 2020 15:08:20 GMT+0300 (GMT+03:00) POST /
Tue Jul 14 2020 15:19:09 GMT+0300 (GMT+03:00) GET /
Tue Jul 14 2020 15:19:09 GMT+0300 (GMT+03:00) GET /css/css.css
Tue Jul 14 2020 15:19:09 GMT+0300 (GMT+03:00) GET /bs/css/bootstrap.min.css
Tue Jul 14 2020 15:19:09 GMT+0300 (GMT+03:00) GET /bs/js/popper.min.js
Tue Jul 14 2020 15:19:09 GMT+0300 (GMT+03:00) GET /css/animate.css
Tue Jul 14 2020 15:19:09 GMT+0300 (GMT+03:00) GET /bs/js/jquery-3.5.1.js
Tue Jul 14 2020 15:19:09 GMT+0300 (GMT+03:00) GET /js/js.js
Tue Jul 14 2020 15:19:09 GMT+0300 (GMT+03:00) GET /bs/js/bootstrap.min.js
Tue Jul 14 2020 15:19:09 GMT+0300 (GMT+03:00) GET /js/wow.min.js
Tue Jul 14 2020 15:19:09 GMT+0300 (GMT+03:00) GET /src/pictures/meeting.jpg
Tue Jul 14 2020 15:19:09 GMT+0300 (GMT+03:00) GET /src/pictures/plane.jpg
Tue Jul 14 2020 15:19:09 GMT+0300 (GMT+03:00) GET /src/pictures/hostel.jpg
Tue Jul 14 2020 15:19:09 GMT+0300 (GMT+03:00) GET /src/pictures/mountains.jpg
Tue Jul 14 2020 15:19:09 GMT+0300 (GMT+03:00) GET /src/pictures/deal.jpg
Tue Jul 14 2020 15:19:09 GMT+0300 (GMT+03:00) GET /src/pictures/cards.png
Tue Jul 14 2020 15:19:09 GMT+0300 (GMT+03:00) GET /src/pictures/water.jpg
Tue Jul 14 2020 15:19:09 GMT+0300 (GMT+03:00) GET /src/pictures/people.jpg
Tue Jul 14 2020 15:19:09 GMT+0300 (GMT+03:00) GET /src/pictures/icon_top.png
Tue Jul 14 2020 15:19:09 GMT+0300 (GMT+03:00) GET /src/fonts/CormorantInfant-Regular.ttf
Tue Jul 14 2020 15:19:09 GMT+0300 (GMT+03:00) GET /src/fonts/Montserrat-ExtraLight.ttf
Tue Jul 14 2020 15:19:09 GMT+0300 (GMT+03:00) GET /src/pictures/globe.svg
Tue Jul 14 2020 15:21:50 GMT+0300 (GMT+03:00) GET /
Tue Jul 14 2020 15:21:50 GMT+0300 (GMT+03:00) GET /css/css.css
Tue Jul 14 2020 15:21:50 GMT+0300 (GMT+03:00) GET /bs/css/bootstrap.min.css
Tue Jul 14 2020 15:21:50 GMT+0300 (GMT+03:00) GET /css/animate.css
Tue Jul 14 2020 15:21:50 GMT+0300 (GMT+03:00) GET /bs/js/jquery-3.5.1.js
Tue Jul 14 2020 15:21:50 GMT+0300 (GMT+03:00) GET /bs/js/popper.min.js
Tue Jul 14 2020 15:21:50 GMT+0300 (GMT+03:00) GET /bs/js/bootstrap.min.js
Tue Jul 14 2020 15:21:50 GMT+0300 (GMT+03:00) GET /js/js.js
Tue Jul 14 2020 15:21:50 GMT+0300 (GMT+03:00) GET /js/wow.min.js
Tue Jul 14 2020 15:21:50 GMT+0300 (GMT+03:00) GET /src/pictures/meeting.jpg
Tue Jul 14 2020 15:21:50 GMT+0300 (GMT+03:00) GET /src/pictures/plane.jpg
Tue Jul 14 2020 15:21:50 GMT+0300 (GMT+03:00) GET /src/pictures/hostel.jpg
Tue Jul 14 2020 15:21:50 GMT+0300 (GMT+03:00) GET /src/pictures/mountains.jpg
Tue Jul 14 2020 15:21:50 GMT+0300 (GMT+03:00) GET /src/pictures/deal.jpg
Tue Jul 14 2020 15:21:50 GMT+0300 (GMT+03:00) GET /src/pictures/cards.png
Tue Jul 14 2020 15:21:50 GMT+0300 (GMT+03:00) GET /src/pictures/water.jpg
Tue Jul 14 2020 15:21:50 GMT+0300 (GMT+03:00) GET /src/pictures/people.jpg
Tue Jul 14 2020 15:21:50 GMT+0300 (GMT+03:00) GET /src/pictures/icon_top.png
Tue Jul 14 2020 15:21:50 GMT+0300 (GMT+03:00) GET /src/fonts/CormorantInfant-Regular.ttf
Tue Jul 14 2020 15:21:50 GMT+0300 (GMT+03:00) GET /src/fonts/Montserrat-ExtraLight.ttf
Tue Jul 14 2020 15:21:50 GMT+0300 (GMT+03:00) GET /src/pictures/globe.svg
Tue Jul 14 2020 15:22:10 GMT+0300 (GMT+03:00) POST /
Tue Jul 14 2020 15:22:29 GMT+0300 (GMT+03:00) POST /
Tue Jul 14 2020 15:22:33 GMT+0300 (GMT+03:00) GET /src/pictures/globe.svg
Tue Jul 14 2020 15:22:49 GMT+0300 (GMT+03:00) POST /
Tue Jul 14 2020 15:24:49 GMT+0300 (GMT+03:00) POST /
Wed Jul 15 2020 10:47:39 GMT+0300 (GMT+03:00) GET /
Wed Jul 15 2020 10:47:40 GMT+0300 (GMT+03:00) GET /css/css.css
Wed Jul 15 2020 10:47:40 GMT+0300 (GMT+03:00) GET /bs/css/bootstrap.min.css
Wed Jul 15 2020 10:47:40 GMT+0300 (GMT+03:00) GET /css/animate.css
Wed Jul 15 2020 10:47:40 GMT+0300 (GMT+03:00) GET /bs/js/popper.min.js
Wed Jul 15 2020 10:47:40 GMT+0300 (GMT+03:00) GET /bs/js/bootstrap.min.js
Wed Jul 15 2020 10:47:40 GMT+0300 (GMT+03:00) GET /js/js.js
Wed Jul 15 2020 10:47:40 GMT+0300 (GMT+03:00) GET /js/wow.min.js
Wed Jul 15 2020 10:47:40 GMT+0300 (GMT+03:00) GET /bs/js/jquery-3.5.1.js
Wed Jul 15 2020 10:47:40 GMT+0300 (GMT+03:00) GET /src/pictures/meeting.jpg
Wed Jul 15 2020 10:47:40 GMT+0300 (GMT+03:00) GET /src/pictures/plane.jpg
Wed Jul 15 2020 10:47:40 GMT+0300 (GMT+03:00) GET /src/pictures/hostel.jpg
Wed Jul 15 2020 10:47:40 GMT+0300 (GMT+03:00) GET /src/pictures/mountains.jpg
Wed Jul 15 2020 10:47:40 GMT+0300 (GMT+03:00) GET /src/pictures/cards.png
Wed Jul 15 2020 10:47:40 GMT+0300 (GMT+03:00) GET /src/pictures/deal.jpg
Wed Jul 15 2020 10:47:40 GMT+0300 (GMT+03:00) GET /src/pictures/water.jpg
Wed Jul 15 2020 10:47:40 GMT+0300 (GMT+03:00) GET /src/pictures/people.jpg
Wed Jul 15 2020 10:47:40 GMT+0300 (GMT+03:00) GET /src/pictures/icon_top.png
Wed Jul 15 2020 10:47:40 GMT+0300 (GMT+03:00) GET /src/fonts/CormorantInfant-Regular.ttf
Wed Jul 15 2020 10:47:40 GMT+0300 (GMT+03:00) GET /src/fonts/Montserrat-ExtraLight.ttf
Wed Jul 15 2020 10:48:03 GMT+0300 (GMT+03:00) POST /
Wed Jul 15 2020 10:50:04 GMT+0300 (GMT+03:00) POST /
Wed Jul 15 2020 10:55:05 GMT+0300 (GMT+03:00) POST /
Wed Jul 15 2020 10:57:06 GMT+0300 (GMT+03:00) POST /
Wed Jul 15 2020 10:58:28 GMT+0300 (GMT+03:00) POST /
Wed Jul 15 2020 11:02:33 GMT+0300 (GMT+03:00) POST /
Wed Jul 15 2020 11:04:33 GMT+0300 (GMT+03:00) POST /
Wed Jul 15 2020 11:06:28 GMT+0300 (GMT+03:00) POST /
Wed Jul 15 2020 11:12:22 GMT+0300 (GMT+03:00) POST /
Wed Jul 15 2020 11:16:11 GMT+0300 (GMT+03:00) POST /
Wed Jul 15 2020 11:16:12 GMT+0300 (GMT+03:00) GET /css/css.css
Wed Jul 15 2020 11:16:12 GMT+0300 (GMT+03:00) GET /bs/css/bootstrap.min.css
Wed Jul 15 2020 11:16:12 GMT+0300 (GMT+03:00) GET /css/animate.css
Wed Jul 15 2020 11:16:12 GMT+0300 (GMT+03:00) GET /bs/js/jquery-3.5.1.js
Wed Jul 15 2020 11:16:12 GMT+0300 (GMT+03:00) GET /bs/js/popper.min.js
Wed Jul 15 2020 11:16:12 GMT+0300 (GMT+03:00) GET /js/js.js
Wed Jul 15 2020 11:16:12 GMT+0300 (GMT+03:00) GET /bs/js/bootstrap.min.js
Wed Jul 15 2020 11:16:12 GMT+0300 (GMT+03:00) GET /js/wow.min.js
Wed Jul 15 2020 11:16:12 GMT+0300 (GMT+03:00) GET /src/pictures/meeting.jpg
Wed Jul 15 2020 11:16:12 GMT+0300 (GMT+03:00) GET /src/pictures/plane.jpg
Wed Jul 15 2020 11:16:12 GMT+0300 (GMT+03:00) GET /src/pictures/hostel.jpg
Wed Jul 15 2020 11:16:12 GMT+0300 (GMT+03:00) GET /src/pictures/mountains.jpg
Wed Jul 15 2020 11:16:12 GMT+0300 (GMT+03:00) GET /src/pictures/deal.jpg
Wed Jul 15 2020 11:16:12 GMT+0300 (GMT+03:00) GET /src/pictures/cards.png
Wed Jul 15 2020 11:16:12 GMT+0300 (GMT+03:00) GET /src/pictures/water.jpg
Wed Jul 15 2020 11:16:12 GMT+0300 (GMT+03:00) GET /src/pictures/people.jpg
Wed Jul 15 2020 11:16:12 GMT+0300 (GMT+03:00) GET /src/pictures/icon_top.png
Wed Jul 15 2020 11:16:12 GMT+0300 (GMT+03:00) GET /src/fonts/CormorantInfant-Regular.ttf
Wed Jul 15 2020 11:16:12 GMT+0300 (GMT+03:00) GET /src/fonts/Montserrat-ExtraLight.ttf
Wed Jul 15 2020 11:16:57 GMT+0300 (GMT+03:00) POST /
Wed Jul 15 2020 11:16:57 GMT+0300 (GMT+03:00) GET /css/css.css
Wed Jul 15 2020 11:16:57 GMT+0300 (GMT+03:00) GET /bs/css/bootstrap.min.css
Wed Jul 15 2020 11:16:57 GMT+0300 (GMT+03:00) GET /css/animate.css
Wed Jul 15 2020 11:16:57 GMT+0300 (GMT+03:00) GET /bs/js/jquery-3.5.1.js
Wed Jul 15 2020 11:16:57 GMT+0300 (GMT+03:00) GET /bs/js/popper.min.js
Wed Jul 15 2020 11:16:57 GMT+0300 (GMT+03:00) GET /js/wow.min.js
Wed Jul 15 2020 11:16:57 GMT+0300 (GMT+03:00) GET /js/js.js
Wed Jul 15 2020 11:16:57 GMT+0300 (GMT+03:00) GET /bs/js/bootstrap.min.js
Wed Jul 15 2020 11:16:57 GMT+0300 (GMT+03:00) GET /src/pictures/meeting.jpg
Wed Jul 15 2020 11:16:57 GMT+0300 (GMT+03:00) GET /src/pictures/plane.jpg
Wed Jul 15 2020 11:16:57 GMT+0300 (GMT+03:00) GET /src/pictures/hostel.jpg
Wed Jul 15 2020 11:16:57 GMT+0300 (GMT+03:00) GET /src/pictures/mountains.jpg
Wed Jul 15 2020 11:16:57 GMT+0300 (GMT+03:00) GET /src/pictures/deal.jpg
Wed Jul 15 2020 11:16:57 GMT+0300 (GMT+03:00) GET /src/pictures/cards.png
Wed Jul 15 2020 11:16:57 GMT+0300 (GMT+03:00) GET /src/pictures/water.jpg
Wed Jul 15 2020 11:16:57 GMT+0300 (GMT+03:00) GET /src/pictures/people.jpg
Wed Jul 15 2020 11:16:57 GMT+0300 (GMT+03:00) GET /src/pictures/icon_top.png
Wed Jul 15 2020 11:16:57 GMT+0300 (GMT+03:00) GET /src/fonts/CormorantInfant-Regular.ttf
Wed Jul 15 2020 11:16:57 GMT+0300 (GMT+03:00) GET /src/fonts/Montserrat-ExtraLight.ttf
Wed Jul 15 2020 11:16:57 GMT+0300 (GMT+03:00) GET /src/pictures/globe.svg
Wed Jul 15 2020 11:17:14 GMT+0300 (GMT+03:00) POST /
Wed Jul 15 2020 11:17:14 GMT+0300 (GMT+03:00) GET /css/css.css
Wed Jul 15 2020 11:17:14 GMT+0300 (GMT+03:00) GET /bs/css/bootstrap.min.css
Wed Jul 15 2020 11:17:14 GMT+0300 (GMT+03:00) GET /css/animate.css
Wed Jul 15 2020 11:17:14 GMT+0300 (GMT+03:00) GET /bs/js/jquery-3.5.1.js
Wed Jul 15 2020 11:17:14 GMT+0300 (GMT+03:00) GET /bs/js/popper.min.js
Wed Jul 15 2020 11:17:14 GMT+0300 (GMT+03:00) GET /bs/js/bootstrap.min.js
Wed Jul 15 2020 11:17:14 GMT+0300 (GMT+03:00) GET /js/js.js
Wed Jul 15 2020 11:17:14 GMT+0300 (GMT+03:00) GET /js/wow.min.js
Wed Jul 15 2020 11:17:14 GMT+0300 (GMT+03:00) GET /src/pictures/meeting.jpg
Wed Jul 15 2020 11:17:14 GMT+0300 (GMT+03:00) GET /src/pictures/plane.jpg
Wed Jul 15 2020 11:17:14 GMT+0300 (GMT+03:00) GET /src/pictures/hostel.jpg
Wed Jul 15 2020 11:17:14 GMT+0300 (GMT+03:00) GET /src/pictures/mountains.jpg
Wed Jul 15 2020 11:17:14 GMT+0300 (GMT+03:00) GET /src/pictures/deal.jpg
Wed Jul 15 2020 11:17:14 GMT+0300 (GMT+03:00) GET /src/pictures/cards.png
Wed Jul 15 2020 11:17:14 GMT+0300 (GMT+03:00) GET /src/pictures/water.jpg
Wed Jul 15 2020 11:17:14 GMT+0300 (GMT+03:00) GET /src/pictures/people.jpg
Wed Jul 15 2020 11:17:14 GMT+0300 (GMT+03:00) GET /src/pictures/icon_top.png
Wed Jul 15 2020 11:17:14 GMT+0300 (GMT+03:00) GET /src/fonts/CormorantInfant-Regular.ttf
Wed Jul 15 2020 11:17:14 GMT+0300 (GMT+03:00) GET /src/fonts/Montserrat-ExtraLight.ttf
Wed Jul 15 2020 18:28:40 GMT+0300 (GMT+03:00) POST /
Wed Jul 15 2020 18:28:42 GMT+0300 (GMT+03:00) GET /css/css.css
Wed Jul 15 2020 18:28:42 GMT+0300 (GMT+03:00) GET /bs/css/bootstrap.min.css
Wed Jul 15 2020 18:28:42 GMT+0300 (GMT+03:00) GET /css/animate.css
Wed Jul 15 2020 18:28:42 GMT+0300 (GMT+03:00) GET /bs/js/jquery-3.5.1.js
Wed Jul 15 2020 18:28:42 GMT+0300 (GMT+03:00) GET /bs/js/popper.min.js
Wed Jul 15 2020 18:28:42 GMT+0300 (GMT+03:00) GET /js/js.js
Wed Jul 15 2020 18:28:42 GMT+0300 (GMT+03:00) GET /bs/js/bootstrap.min.js
Wed Jul 15 2020 18:28:42 GMT+0300 (GMT+03:00) GET /js/wow.min.js
Wed Jul 15 2020 18:28:42 GMT+0300 (GMT+03:00) GET /src/pictures/meeting.jpg
Wed Jul 15 2020 18:28:42 GMT+0300 (GMT+03:00) GET /src/pictures/plane.jpg
Wed Jul 15 2020 18:28:42 GMT+0300 (GMT+03:00) GET /src/pictures/hostel.jpg
Wed Jul 15 2020 18:28:42 GMT+0300 (GMT+03:00) GET /src/pictures/mountains.jpg
Wed Jul 15 2020 18:28:42 GMT+0300 (GMT+03:00) GET /src/pictures/deal.jpg
Wed Jul 15 2020 18:28:42 GMT+0300 (GMT+03:00) GET /src/pictures/cards.png
Wed Jul 15 2020 18:28:42 GMT+0300 (GMT+03:00) GET /src/pictures/water.jpg
Wed Jul 15 2020 18:28:42 GMT+0300 (GMT+03:00) GET /src/pictures/people.jpg
Wed Jul 15 2020 18:28:42 GMT+0300 (GMT+03:00) GET /src/pictures/icon_top.png
Wed Jul 15 2020 18:28:42 GMT+0300 (GMT+03:00) GET /src/fonts/CormorantInfant-Regular.ttf
Wed Jul 15 2020 18:28:42 GMT+0300 (GMT+03:00) GET /src/fonts/Montserrat-ExtraLight.ttf
Wed Jul 15 2020 20:31:34 GMT+0300 (GMT+03:00) POST /
Wed Jul 15 2020 20:31:34 GMT+0300 (GMT+03:00) GET /css/css.css
Wed Jul 15 2020 20:31:34 GMT+0300 (GMT+03:00) GET /bs/css/bootstrap.min.css
Wed Jul 15 2020 20:31:34 GMT+0300 (GMT+03:00) GET /css/animate.css
Wed Jul 15 2020 20:31:34 GMT+0300 (GMT+03:00) GET /bs/js/jquery-3.5.1.js
Wed Jul 15 2020 20:31:34 GMT+0300 (GMT+03:00) GET /bs/js/bootstrap.min.js
Wed Jul 15 2020 20:31:34 GMT+0300 (GMT+03:00) GET /js/wow.min.js
Wed Jul 15 2020 20:31:34 GMT+0300 (GMT+03:00) GET /js/js.js
Wed Jul 15 2020 20:31:34 GMT+0300 (GMT+03:00) GET /bs/js/popper.min.js
Wed Jul 15 2020 20:31:34 GMT+0300 (GMT+03:00) GET /src/pictures/meeting.jpg
Wed Jul 15 2020 20:31:34 GMT+0300 (GMT+03:00) GET /src/pictures/plane.jpg
Wed Jul 15 2020 20:31:34 GMT+0300 (GMT+03:00) GET /src/pictures/hostel.jpg
Wed Jul 15 2020 20:31:34 GMT+0300 (GMT+03:00) GET /src/pictures/mountains.jpg
Wed Jul 15 2020 20:31:34 GMT+0300 (GMT+03:00) GET /src/pictures/deal.jpg
Wed Jul 15 2020 20:31:34 GMT+0300 (GMT+03:00) GET /src/pictures/cards.png
Wed Jul 15 2020 20:31:34 GMT+0300 (GMT+03:00) GET /src/pictures/water.jpg
Wed Jul 15 2020 20:31:34 GMT+0300 (GMT+03:00) GET /src/pictures/people.jpg
Wed Jul 15 2020 20:31:34 GMT+0300 (GMT+03:00) GET /src/pictures/icon_top.png
Wed Jul 15 2020 20:31:34 GMT+0300 (GMT+03:00) GET /src/fonts/CormorantInfant-Regular.ttf
Wed Jul 15 2020 20:31:34 GMT+0300 (GMT+03:00) GET /src/fonts/Montserrat-ExtraLight.ttf
Wed Jul 15 2020 20:31:34 GMT+0300 (GMT+03:00) GET /src/pictures/globe.svg
Wed Jul 15 2020 20:36:31 GMT+0300 (GMT+03:00) POST /
Wed Jul 15 2020 20:36:31 GMT+0300 (GMT+03:00) GET /css/css.css
Wed Jul 15 2020 20:36:31 GMT+0300 (GMT+03:00) GET /bs/css/bootstrap.min.css
Wed Jul 15 2020 20:36:31 GMT+0300 (GMT+03:00) GET /css/animate.css
Wed Jul 15 2020 20:36:31 GMT+0300 (GMT+03:00) GET /bs/js/popper.min.js
Wed Jul 15 2020 20:36:31 GMT+0300 (GMT+03:00) GET /js/js.js
Wed Jul 15 2020 20:36:31 GMT+0300 (GMT+03:00) GET /js/wow.min.js
Wed Jul 15 2020 20:36:31 GMT+0300 (GMT+03:00) GET /bs/js/jquery-3.5.1.js
Wed Jul 15 2020 20:36:31 GMT+0300 (GMT+03:00) GET /bs/js/bootstrap.min.js
Wed Jul 15 2020 20:36:32 GMT+0300 (GMT+03:00) GET /src/pictures/meeting.jpg
Wed Jul 15 2020 20:36:32 GMT+0300 (GMT+03:00) GET /src/pictures/plane.jpg
Wed Jul 15 2020 20:36:32 GMT+0300 (GMT+03:00) GET /src/pictures/hostel.jpg
Wed Jul 15 2020 20:36:32 GMT+0300 (GMT+03:00) GET /src/pictures/mountains.jpg
Wed Jul 15 2020 20:36:32 GMT+0300 (GMT+03:00) GET /src/pictures/deal.jpg
Wed Jul 15 2020 20:36:32 GMT+0300 (GMT+03:00) GET /src/pictures/cards.png
Wed Jul 15 2020 20:36:32 GMT+0300 (GMT+03:00) GET /src/pictures/water.jpg
Wed Jul 15 2020 20:36:32 GMT+0300 (GMT+03:00) GET /src/pictures/people.jpg
Wed Jul 15 2020 20:36:32 GMT+0300 (GMT+03:00) GET /src/pictures/icon_top.png
Wed Jul 15 2020 20:36:32 GMT+0300 (GMT+03:00) GET /src/fonts/CormorantInfant-Regular.ttf
Wed Jul 15 2020 20:36:32 GMT+0300 (GMT+03:00) GET /src/fonts/Montserrat-ExtraLight.ttf
Wed Jul 15 2020 20:36:32 GMT+0300 (GMT+03:00) GET /src/pictures/globe.svg
Wed Jul 15 2020 21:39:19 GMT+0300 (GMT+03:00) POST /
Wed Jul 15 2020 21:39:19 GMT+0300 (GMT+03:00) GET /css/css.css
Wed Jul 15 2020 21:39:19 GMT+0300 (GMT+03:00) GET /bs/css/bootstrap.min.css
Wed Jul 15 2020 21:39:19 GMT+0300 (GMT+03:00) GET /bs/js/jquery-3.5.1.js
Wed Jul 15 2020 21:39:19 GMT+0300 (GMT+03:00) GET /bs/js/popper.min.js
Wed Jul 15 2020 21:39:19 GMT+0300 (GMT+03:00) GET /css/animate.css
Wed Jul 15 2020 21:39:19 GMT+0300 (GMT+03:00) GET /bs/js/bootstrap.min.js
Wed Jul 15 2020 21:39:19 GMT+0300 (GMT+03:00) GET /js/js.js
Wed Jul 15 2020 21:39:19 GMT+0300 (GMT+03:00) GET /js/wow.min.js
Wed Jul 15 2020 21:39:19 GMT+0300 (GMT+03:00) GET /src/pictures/meeting.jpg
Wed Jul 15 2020 21:39:19 GMT+0300 (GMT+03:00) GET /src/pictures/plane.jpg
Wed Jul 15 2020 21:39:19 GMT+0300 (GMT+03:00) GET /src/pictures/hostel.jpg
Wed Jul 15 2020 21:39:19 GMT+0300 (GMT+03:00) GET /src/pictures/mountains.jpg
Wed Jul 15 2020 21:39:19 GMT+0300 (GMT+03:00) GET /src/pictures/deal.jpg
Wed Jul 15 2020 21:39:19 GMT+0300 (GMT+03:00) GET /src/pictures/cards.png
Wed Jul 15 2020 21:39:19 GMT+0300 (GMT+03:00) GET /src/pictures/water.jpg
Wed Jul 15 2020 21:39:19 GMT+0300 (GMT+03:00) GET /src/pictures/people.jpg
Wed Jul 15 2020 21:39:19 GMT+0300 (GMT+03:00) GET /src/pictures/icon_top.png
Wed Jul 15 2020 21:39:19 GMT+0300 (GMT+03:00) GET /src/fonts/CormorantInfant-Regular.ttf
Wed Jul 15 2020 21:39:19 GMT+0300 (GMT+03:00) GET /src/fonts/Montserrat-ExtraLight.ttf
Wed Jul 15 2020 21:39:20 GMT+0300 (GMT+03:00) GET /src/pictures/globe.svg
Wed Jul 15 2020 21:39:30 GMT+0300 (GMT+03:00) POST /
Wed Jul 15 2020 21:39:30 GMT+0300 (GMT+03:00) GET /css/css.css
Wed Jul 15 2020 21:39:30 GMT+0300 (GMT+03:00) GET /bs/css/bootstrap.min.css
Wed Jul 15 2020 21:39:30 GMT+0300 (GMT+03:00) GET /css/animate.css
Wed Jul 15 2020 21:39:30 GMT+0300 (GMT+03:00) GET /bs/js/jquery-3.5.1.js
Wed Jul 15 2020 21:39:30 GMT+0300 (GMT+03:00) GET /bs/js/popper.min.js
Wed Jul 15 2020 21:39:30 GMT+0300 (GMT+03:00) GET /bs/js/bootstrap.min.js
Wed Jul 15 2020 21:39:30 GMT+0300 (GMT+03:00) GET /js/js.js
Wed Jul 15 2020 21:39:30 GMT+0300 (GMT+03:00) GET /js/wow.min.js
Wed Jul 15 2020 21:39:30 GMT+0300 (GMT+03:00) GET /src/pictures/meeting.jpg
Wed Jul 15 2020 21:39:30 GMT+0300 (GMT+03:00) GET /src/pictures/plane.jpg
Wed Jul 15 2020 21:39:30 GMT+0300 (GMT+03:00) GET /src/pictures/hostel.jpg
Wed Jul 15 2020 21:39:30 GMT+0300 (GMT+03:00) GET /src/pictures/mountains.jpg
Wed Jul 15 2020 21:39:30 GMT+0300 (GMT+03:00) GET /src/pictures/deal.jpg
Wed Jul 15 2020 21:39:30 GMT+0300 (GMT+03:00) GET /src/pictures/cards.png
Wed Jul 15 2020 21:39:30 GMT+0300 (GMT+03:00) GET /src/pictures/water.jpg
Wed Jul 15 2020 21:39:30 GMT+0300 (GMT+03:00) GET /src/pictures/people.jpg
Wed Jul 15 2020 21:39:30 GMT+0300 (GMT+03:00) GET /src/pictures/icon_top.png
Wed Jul 15 2020 21:39:30 GMT+0300 (GMT+03:00) GET /src/fonts/CormorantInfant-Regular.ttf
Wed Jul 15 2020 21:39:30 GMT+0300 (GMT+03:00) GET /src/fonts/Montserrat-ExtraLight.ttf
Thu Jul 16 2020 13:32:36 GMT+0300 (GMT+03:00) GET /
Thu Jul 16 2020 13:32:47 GMT+0300 (GMT+03:00) GET /
Thu Jul 16 2020 13:33:29 GMT+0300 (GMT+03:00) GET /
Thu Jul 16 2020 13:35:55 GMT+0300 (GMT+03:00) GET /
Thu Jul 16 2020 13:35:55 GMT+0300 (GMT+03:00) GET /css/css.css
Thu Jul 16 2020 13:35:55 GMT+0300 (GMT+03:00) GET /bs/css/bootstrap.min.css
Thu Jul 16 2020 13:35:55 GMT+0300 (GMT+03:00) GET /bs/js/jquery-3.5.1.js
Thu Jul 16 2020 13:35:55 GMT+0300 (GMT+03:00) GET /js/jquery.maskedinput.js
Thu Jul 16 2020 13:35:55 GMT+0300 (GMT+03:00) GET /bs/js/popper.min.js
Thu Jul 16 2020 13:35:55 GMT+0300 (GMT+03:00) GET /css/animate.css
Thu Jul 16 2020 13:35:55 GMT+0300 (GMT+03:00) GET /bs/js/bootstrap.min.js
Thu Jul 16 2020 13:35:55 GMT+0300 (GMT+03:00) GET /js/js.js
Thu Jul 16 2020 13:35:55 GMT+0300 (GMT+03:00) GET /js/wow.min.js
Thu Jul 16 2020 13:35:55 GMT+0300 (GMT+03:00) GET /src/pictures/meeting.jpg
Thu Jul 16 2020 13:35:55 GMT+0300 (GMT+03:00) GET /src/pictures/plane.jpg
Thu Jul 16 2020 13:35:55 GMT+0300 (GMT+03:00) GET /src/pictures/hostel.jpg
Thu Jul 16 2020 13:35:55 GMT+0300 (GMT+03:00) GET /src/pictures/deal.jpg
Thu Jul 16 2020 13:35:55 GMT+0300 (GMT+03:00) GET /src/pictures/water.jpg
Thu Jul 16 2020 13:35:55 GMT+0300 (GMT+03:00) GET /src/pictures/mountains.jpg
Thu Jul 16 2020 13:35:55 GMT+0300 (GMT+03:00) GET /src/pictures/cards.png
Thu Jul 16 2020 13:35:55 GMT+0300 (GMT+03:00) GET /src/pictures/icon_top.png
Thu Jul 16 2020 13:35:55 GMT+0300 (GMT+03:00) GET /src/pictures/people.jpg
Thu Jul 16 2020 13:35:56 GMT+0300 (GMT+03:00) GET /src/fonts/CormorantInfant-Regular.ttf
Thu Jul 16 2020 13:35:56 GMT+0300 (GMT+03:00) GET /src/fonts/Montserrat-ExtraLight.ttf
Thu Jul 16 2020 13:35:56 GMT+0300 (GMT+03:00) GET /src/pictures/globe.svg
Thu Jul 16 2020 13:36:33 GMT+0300 (GMT+03:00) GET /?
Thu Jul 16 2020 13:36:33 GMT+0300 (GMT+03:00) GET /css/css.css
Thu Jul 16 2020 13:36:33 GMT+0300 (GMT+03:00) GET /bs/css/bootstrap.min.css
Thu Jul 16 2020 13:36:33 GMT+0300 (GMT+03:00) GET /css/animate.css
Thu Jul 16 2020 13:36:33 GMT+0300 (GMT+03:00) GET /bs/js/jquery-3.5.1.js
Thu Jul 16 2020 13:36:33 GMT+0300 (GMT+03:00) GET /js/jquery.maskedinput.js
Thu Jul 16 2020 13:36:33 GMT+0300 (GMT+03:00) GET /bs/js/popper.min.js
Thu Jul 16 2020 13:36:33 GMT+0300 (GMT+03:00) GET /bs/js/bootstrap.min.js
Thu Jul 16 2020 13:36:33 GMT+0300 (GMT+03:00) GET /js/js.js
Thu Jul 16 2020 13:36:33 GMT+0300 (GMT+03:00) GET /js/wow.min.js
Thu Jul 16 2020 13:36:33 GMT+0300 (GMT+03:00) GET /src/pictures/meeting.jpg
Thu Jul 16 2020 13:36:33 GMT+0300 (GMT+03:00) GET /src/pictures/plane.jpg
Thu Jul 16 2020 13:36:33 GMT+0300 (GMT+03:00) GET /src/pictures/hostel.jpg
Thu Jul 16 2020 13:36:33 GMT+0300 (GMT+03:00) GET /src/pictures/mountains.jpg
Thu Jul 16 2020 13:36:33 GMT+0300 (GMT+03:00) GET /src/pictures/deal.jpg
Thu Jul 16 2020 13:36:33 GMT+0300 (GMT+03:00) GET /src/pictures/cards.png
Thu Jul 16 2020 13:36:33 GMT+0300 (GMT+03:00) GET /src/pictures/water.jpg
Thu Jul 16 2020 13:36:33 GMT+0300 (GMT+03:00) GET /src/pictures/people.jpg
Thu Jul 16 2020 13:36:33 GMT+0300 (GMT+03:00) GET /src/pictures/icon_top.png
Thu Jul 16 2020 13:36:33 GMT+0300 (GMT+03:00) GET /src/fonts/CormorantInfant-Regular.ttf
Thu Jul 16 2020 13:36:33 GMT+0300 (GMT+03:00) GET /src/fonts/Montserrat-ExtraLight.ttf
Thu Jul 16 2020 13:38:03 GMT+0300 (GMT+03:00) GET /?
Thu Jul 16 2020 13:38:03 GMT+0300 (GMT+03:00) GET /css/css.css
Thu Jul 16 2020 13:38:03 GMT+0300 (GMT+03:00) GET /bs/css/bootstrap.min.css
Thu Jul 16 2020 13:38:03 GMT+0300 (GMT+03:00) GET /bs/js/popper.min.js
Thu Jul 16 2020 13:38:03 GMT+0300 (GMT+03:00) GET /css/animate.css
Thu Jul 16 2020 13:38:03 GMT+0300 (GMT+03:00) GET /bs/js/jquery-3.5.1.js
Thu Jul 16 2020 13:38:03 GMT+0300 (GMT+03:00) GET /js/jquery.maskedinput.js
Thu Jul 16 2020 13:38:03 GMT+0300 (GMT+03:00) GET /bs/js/bootstrap.min.js
Thu Jul 16 2020 13:38:03 GMT+0300 (GMT+03:00) GET /js/js.js
Thu Jul 16 2020 13:38:03 GMT+0300 (GMT+03:00) GET /js/wow.min.js
Thu Jul 16 2020 13:38:03 GMT+0300 (GMT+03:00) GET /src/pictures/meeting.jpg
Thu Jul 16 2020 13:38:03 GMT+0300 (GMT+03:00) GET /src/pictures/plane.jpg
Thu Jul 16 2020 13:38:03 GMT+0300 (GMT+03:00) GET /src/pictures/hostel.jpg
Thu Jul 16 2020 13:38:03 GMT+0300 (GMT+03:00) GET /src/pictures/mountains.jpg
Thu Jul 16 2020 13:38:03 GMT+0300 (GMT+03:00) GET /src/pictures/deal.jpg
Thu Jul 16 2020 13:38:03 GMT+0300 (GMT+03:00) GET /src/pictures/water.jpg
Thu Jul 16 2020 13:38:03 GMT+0300 (GMT+03:00) GET /src/pictures/cards.png
Thu Jul 16 2020 13:38:03 GMT+0300 (GMT+03:00) GET /src/pictures/people.jpg
Thu Jul 16 2020 13:38:03 GMT+0300 (GMT+03:00) GET /src/pictures/icon_top.png
Thu Jul 16 2020 13:38:03 GMT+0300 (GMT+03:00) GET /src/fonts/CormorantInfant-Regular.ttf
Thu Jul 16 2020 13:38:03 GMT+0300 (GMT+03:00) GET /src/fonts/Montserrat-ExtraLight.ttf
Thu Jul 16 2020 13:40:09 GMT+0300 (GMT+03:00) GET /?
Thu Jul 16 2020 13:40:10 GMT+0300 (GMT+03:00) GET /css/css.css
Thu Jul 16 2020 13:40:10 GMT+0300 (GMT+03:00) GET /bs/css/bootstrap.min.css
Thu Jul 16 2020 13:40:10 GMT+0300 (GMT+03:00) GET /css/animate.css
Thu Jul 16 2020 13:40:10 GMT+0300 (GMT+03:00) GET /js/jquery.maskedinput.js
Thu Jul 16 2020 13:40:10 GMT+0300 (GMT+03:00) GET /bs/js/jquery-3.5.1.js
Thu Jul 16 2020 13:40:10 GMT+0300 (GMT+03:00) GET /bs/js/popper.min.js
Thu Jul 16 2020 13:40:10 GMT+0300 (GMT+03:00) GET /bs/js/bootstrap.min.js
Thu Jul 16 2020 13:40:10 GMT+0300 (GMT+03:00) GET /js/js.js
Thu Jul 16 2020 13:40:10 GMT+0300 (GMT+03:00) GET /js/wow.min.js
Thu Jul 16 2020 13:40:10 GMT+0300 (GMT+03:00) GET /src/pictures/meeting.jpg
Thu Jul 16 2020 13:40:10 GMT+0300 (GMT+03:00) GET /src/pictures/plane.jpg
Thu Jul 16 2020 13:40:10 GMT+0300 (GMT+03:00) GET /src/pictures/hostel.jpg
Thu Jul 16 2020 13:40:10 GMT+0300 (GMT+03:00) GET /src/pictures/mountains.jpg
Thu Jul 16 2020 13:40:10 GMT+0300 (GMT+03:00) GET /src/pictures/deal.jpg
Thu Jul 16 2020 13:40:10 GMT+0300 (GMT+03:00) GET /src/pictures/cards.png
Thu Jul 16 2020 13:40:10 GMT+0300 (GMT+03:00) GET /src/pictures/water.jpg
Thu Jul 16 2020 13:40:10 GMT+0300 (GMT+03:00) GET /src/pictures/people.jpg
Thu Jul 16 2020 13:40:10 GMT+0300 (GMT+03:00) GET /src/pictures/icon_top.png
Thu Jul 16 2020 13:40:10 GMT+0300 (GMT+03:00) GET /src/fonts/CormorantInfant-Regular.ttf
Thu Jul 16 2020 13:40:10 GMT+0300 (GMT+03:00) GET /src/fonts/Montserrat-ExtraLight.ttf
Thu Jul 16 2020 13:41:51 GMT+0300 (GMT+03:00) GET /?
Thu Jul 16 2020 13:41:51 GMT+0300 (GMT+03:00) GET /css/css.css
Thu Jul 16 2020 13:41:51 GMT+0300 (GMT+03:00) GET /bs/css/bootstrap.min.css
Thu Jul 16 2020 13:41:51 GMT+0300 (GMT+03:00) GET /css/animate.css
Thu Jul 16 2020 13:41:51 GMT+0300 (GMT+03:00) GET /bs/js/jquery-3.5.1.js
Thu Jul 16 2020 13:41:51 GMT+0300 (GMT+03:00) GET /js/jquery.maskedinput.js
Thu Jul 16 2020 13:41:51 GMT+0300 (GMT+03:00) GET /bs/js/popper.min.js
Thu Jul 16 2020 13:41:51 GMT+0300 (GMT+03:00) GET /bs/js/bootstrap.min.js
Thu Jul 16 2020 13:41:51 GMT+0300 (GMT+03:00) GET /js/js.js
Thu Jul 16 2020 13:41:51 GMT+0300 (GMT+03:00) GET /js/wow.min.js
Thu Jul 16 2020 13:41:51 GMT+0300 (GMT+03:00) GET /src/pictures/meeting.jpg
Thu Jul 16 2020 13:41:51 GMT+0300 (GMT+03:00) GET /src/pictures/plane.jpg
Thu Jul 16 2020 13:41:51 GMT+0300 (GMT+03:00) GET /src/pictures/hostel.jpg
Thu Jul 16 2020 13:41:52 GMT+0300 (GMT+03:00) GET /src/pictures/mountains.jpg
Thu Jul 16 2020 13:41:52 GMT+0300 (GMT+03:00) GET /src/pictures/deal.jpg
Thu Jul 16 2020 13:41:52 GMT+0300 (GMT+03:00) GET /src/pictures/cards.png
Thu Jul 16 2020 13:41:52 GMT+0300 (GMT+03:00) GET /src/pictures/water.jpg
Thu Jul 16 2020 13:41:52 GMT+0300 (GMT+03:00) GET /src/pictures/people.jpg
Thu Jul 16 2020 13:41:52 GMT+0300 (GMT+03:00) GET /src/pictures/icon_top.png
Thu Jul 16 2020 13:41:52 GMT+0300 (GMT+03:00) GET /src/fonts/CormorantInfant-Regular.ttf
Thu Jul 16 2020 13:41:52 GMT+0300 (GMT+03:00) GET /src/fonts/Montserrat-ExtraLight.ttf
Thu Jul 16 2020 13:45:53 GMT+0300 (GMT+03:00) GET /?
Thu Jul 16 2020 13:45:53 GMT+0300 (GMT+03:00) GET /css/css.css
Thu Jul 16 2020 13:45:53 GMT+0300 (GMT+03:00) GET /bs/css/bootstrap.min.css
Thu Jul 16 2020 13:45:53 GMT+0300 (GMT+03:00) GET /js/jquery.maskedinput.js
Thu Jul 16 2020 13:45:53 GMT+0300 (GMT+03:00) GET /css/animate.css
Thu Jul 16 2020 13:45:53 GMT+0300 (GMT+03:00) GET /bs/js/jquery-3.5.1.js
Thu Jul 16 2020 13:45:53 GMT+0300 (GMT+03:00) GET /bs/js/popper.min.js
Thu Jul 16 2020 13:45:53 GMT+0300 (GMT+03:00) GET /bs/js/bootstrap.min.js
Thu Jul 16 2020 13:45:53 GMT+0300 (GMT+03:00) GET /js/js.js
Thu Jul 16 2020 13:45:53 GMT+0300 (GMT+03:00) GET /js/wow.min.js
Thu Jul 16 2020 13:45:53 GMT+0300 (GMT+03:00) GET /src/pictures/meeting.jpg
Thu Jul 16 2020 13:45:53 GMT+0300 (GMT+03:00) GET /src/pictures/plane.jpg
Thu Jul 16 2020 13:45:53 GMT+0300 (GMT+03:00) GET /src/pictures/hostel.jpg
Thu Jul 16 2020 13:45:53 GMT+0300 (GMT+03:00) GET /src/pictures/mountains.jpg
Thu Jul 16 2020 13:45:53 GMT+0300 (GMT+03:00) GET /src/pictures/deal.jpg
Thu Jul 16 2020 13:45:53 GMT+0300 (GMT+03:00) GET /src/pictures/cards.png
Thu Jul 16 2020 13:45:53 GMT+0300 (GMT+03:00) GET /src/pictures/water.jpg
Thu Jul 16 2020 13:45:53 GMT+0300 (GMT+03:00) GET /src/pictures/people.jpg
Thu Jul 16 2020 13:45:53 GMT+0300 (GMT+03:00) GET /src/pictures/icon_top.png
Thu Jul 16 2020 13:45:53 GMT+0300 (GMT+03:00) GET /src/fonts/CormorantInfant-Regular.ttf
Thu Jul 16 2020 13:45:53 GMT+0300 (GMT+03:00) GET /src/fonts/Montserrat-ExtraLight.ttf
Thu Jul 16 2020 13:45:53 GMT+0300 (GMT+03:00) GET /src/pictures/globe.svg
Thu Jul 16 2020 13:46:13 GMT+0300 (GMT+03:00) GET /?
Thu Jul 16 2020 13:46:13 GMT+0300 (GMT+03:00) GET /css/css.css
Thu Jul 16 2020 13:46:13 GMT+0300 (GMT+03:00) GET /bs/css/bootstrap.min.css
Thu Jul 16 2020 13:46:13 GMT+0300 (GMT+03:00) GET /css/animate.css
Thu Jul 16 2020 13:46:13 GMT+0300 (GMT+03:00) GET /bs/js/jquery-3.5.1.js
Thu Jul 16 2020 13:46:13 GMT+0300 (GMT+03:00) GET /js/jquery.maskedinput.js
Thu Jul 16 2020 13:46:13 GMT+0300 (GMT+03:00) GET /bs/js/popper.min.js
Thu Jul 16 2020 13:46:13 GMT+0300 (GMT+03:00) GET /bs/js/bootstrap.min.js
Thu Jul 16 2020 13:46:13 GMT+0300 (GMT+03:00) GET /js/js.js
Thu Jul 16 2020 13:46:13 GMT+0300 (GMT+03:00) GET /js/wow.min.js
Thu Jul 16 2020 13:46:13 GMT+0300 (GMT+03:00) GET /src/pictures/meeting.jpg
Thu Jul 16 2020 13:46:13 GMT+0300 (GMT+03:00) GET /src/pictures/plane.jpg
Thu Jul 16 2020 13:46:13 GMT+0300 (GMT+03:00) GET /src/pictures/hostel.jpg
Thu Jul 16 2020 13:46:13 GMT+0300 (GMT+03:00) GET /src/pictures/mountains.jpg
Thu Jul 16 2020 13:46:13 GMT+0300 (GMT+03:00) GET /src/pictures/deal.jpg
Thu Jul 16 2020 13:46:13 GMT+0300 (GMT+03:00) GET /src/pictures/cards.png
Thu Jul 16 2020 13:46:13 GMT+0300 (GMT+03:00) GET /src/pictures/water.jpg
Thu Jul 16 2020 13:46:13 GMT+0300 (GMT+03:00) GET /src/pictures/people.jpg
Thu Jul 16 2020 13:46:13 GMT+0300 (GMT+03:00) GET /src/pictures/icon_top.png
Thu Jul 16 2020 13:46:13 GMT+0300 (GMT+03:00) GET /src/fonts/CormorantInfant-Regular.ttf
Thu Jul 16 2020 13:46:13 GMT+0300 (GMT+03:00) GET /src/fonts/Montserrat-ExtraLight.ttf
Thu Jul 16 2020 14:00:36 GMT+0300 (GMT+03:00) GET /?
Thu Jul 16 2020 14:00:36 GMT+0300 (GMT+03:00) GET /css/css.css
Thu Jul 16 2020 14:00:36 GMT+0300 (GMT+03:00) GET /bs/css/bootstrap.min.css
Thu Jul 16 2020 14:00:36 GMT+0300 (GMT+03:00) GET /css/animate.css
Thu Jul 16 2020 14:00:36 GMT+0300 (GMT+03:00) GET /bs/js/jquery-3.5.1.js
Thu Jul 16 2020 14:00:36 GMT+0300 (GMT+03:00) GET /js/jquery.maskedinput.js
Thu Jul 16 2020 14:00:36 GMT+0300 (GMT+03:00) GET /bs/js/popper.min.js
Thu Jul 16 2020 14:00:36 GMT+0300 (GMT+03:00) GET /js/js.js
Thu Jul 16 2020 14:00:36 GMT+0300 (GMT+03:00) GET /js/wow.min.js
Thu Jul 16 2020 14:00:36 GMT+0300 (GMT+03:00) GET /bs/js/bootstrap.min.js
Thu Jul 16 2020 14:00:36 GMT+0300 (GMT+03:00) GET /src/pictures/meeting.jpg
Thu Jul 16 2020 14:00:36 GMT+0300 (GMT+03:00) GET /src/pictures/plane.jpg
Thu Jul 16 2020 14:00:36 GMT+0300 (GMT+03:00) GET /src/pictures/hostel.jpg
Thu Jul 16 2020 14:00:36 GMT+0300 (GMT+03:00) GET /src/pictures/mountains.jpg
Thu Jul 16 2020 14:00:36 GMT+0300 (GMT+03:00) GET /src/pictures/deal.jpg
Thu Jul 16 2020 14:00:36 GMT+0300 (GMT+03:00) GET /src/pictures/cards.png
Thu Jul 16 2020 14:00:36 GMT+0300 (GMT+03:00) GET /src/pictures/water.jpg
Thu Jul 16 2020 14:00:36 GMT+0300 (GMT+03:00) GET /src/pictures/people.jpg
Thu Jul 16 2020 14:00:36 GMT+0300 (GMT+03:00) GET /src/pictures/icon_top.png
Thu Jul 16 2020 14:00:36 GMT+0300 (GMT+03:00) GET /src/fonts/CormorantInfant-Regular.ttf
Thu Jul 16 2020 14:00:36 GMT+0300 (GMT+03:00) GET /src/fonts/Montserrat-ExtraLight.ttf
Thu Jul 16 2020 14:00:37 GMT+0300 (GMT+03:00) GET /src/pictures/globe.svg
Thu Jul 16 2020 14:00:51 GMT+0300 (GMT+03:00) GET /?email=sshibanov1%40yandex.ru&tel=%2B7+%28985%29+647-9337&desc_text=safdsgadsklgnldasfjghaskldfbndafklgafkl%3Bajsdfdsn+
Thu Jul 16 2020 14:00:51 GMT+0300 (GMT+03:00) GET /css/css.css
Thu Jul 16 2020 14:00:51 GMT+0300 (GMT+03:00) GET /bs/css/bootstrap.min.css
Thu Jul 16 2020 14:00:51 GMT+0300 (GMT+03:00) GET /css/animate.css
Thu Jul 16 2020 14:00:51 GMT+0300 (GMT+03:00) GET /bs/js/jquery-3.5.1.js
Thu Jul 16 2020 14:00:51 GMT+0300 (GMT+03:00) GET /js/jquery.maskedinput.js
Thu Jul 16 2020 14:00:51 GMT+0300 (GMT+03:00) GET /bs/js/popper.min.js
Thu Jul 16 2020 14:00:51 GMT+0300 (GMT+03:00) GET /bs/js/bootstrap.min.js
Thu Jul 16 2020 14:00:51 GMT+0300 (GMT+03:00) GET /js/wow.min.js
Thu Jul 16 2020 14:00:51 GMT+0300 (GMT+03:00) GET /js/js.js
Thu Jul 16 2020 14:00:51 GMT+0300 (GMT+03:00) GET /src/pictures/meeting.jpg
Thu Jul 16 2020 14:00:51 GMT+0300 (GMT+03:00) GET /src/pictures/plane.jpg
Thu Jul 16 2020 14:00:51 GMT+0300 (GMT+03:00) GET /src/pictures/mountains.jpg
Thu Jul 16 2020 14:00:51 GMT+0300 (GMT+03:00) GET /src/pictures/hostel.jpg
Thu Jul 16 2020 14:00:51 GMT+0300 (GMT+03:00) GET /src/pictures/deal.jpg
Thu Jul 16 2020 14:00:51 GMT+0300 (GMT+03:00) GET /src/pictures/cards.png
Thu Jul 16 2020 14:00:51 GMT+0300 (GMT+03:00) GET /src/pictures/water.jpg
Thu Jul 16 2020 14:00:51 GMT+0300 (GMT+03:00) GET /src/pictures/people.jpg
Thu Jul 16 2020 14:00:51 GMT+0300 (GMT+03:00) GET /src/fonts/CormorantInfant-Regular.ttf
Thu Jul 16 2020 14:00:51 GMT+0300 (GMT+03:00) GET /src/pictures/icon_top.png
Thu Jul 16 2020 14:00:51 GMT+0300 (GMT+03:00) GET /src/fonts/Montserrat-ExtraLight.ttf
Thu Jul 16 2020 14:01:56 GMT+0300 (GMT+03:00) GET /?email=sshibanov1%40yandex.ru&tel=%2B7+%28985%29+647-9337&desc_text=safdsgadsklgnldasfjghaskldfbndafklgafkl%3Bajsdfdsn+
Thu Jul 16 2020 14:01:56 GMT+0300 (GMT+03:00) GET /css/css.css
Thu Jul 16 2020 14:01:56 GMT+0300 (GMT+03:00) GET /bs/css/bootstrap.min.css
Thu Jul 16 2020 14:01:56 GMT+0300 (GMT+03:00) GET /css/animate.css
Thu Jul 16 2020 14:01:56 GMT+0300 (GMT+03:00) GET /bs/js/jquery-3.5.1.js
Thu Jul 16 2020 14:01:56 GMT+0300 (GMT+03:00) GET /js/jquery.maskedinput.js
Thu Jul 16 2020 14:01:56 GMT+0300 (GMT+03:00) GET /bs/js/popper.min.js
Thu Jul 16 2020 14:01:56 GMT+0300 (GMT+03:00) GET /bs/js/bootstrap.min.js
Thu Jul 16 2020 14:01:56 GMT+0300 (GMT+03:00) GET /js/js.js
Thu Jul 16 2020 14:01:56 GMT+0300 (GMT+03:00) GET /js/wow.min.js
Thu Jul 16 2020 14:01:57 GMT+0300 (GMT+03:00) GET /src/pictures/meeting.jpg
Thu Jul 16 2020 14:01:57 GMT+0300 (GMT+03:00) GET /src/pictures/plane.jpg
Thu Jul 16 2020 14:01:57 GMT+0300 (GMT+03:00) GET /src/pictures/hostel.jpg
Thu Jul 16 2020 14:01:57 GMT+0300 (GMT+03:00) GET /src/pictures/mountains.jpg
Thu Jul 16 2020 14:01:57 GMT+0300 (GMT+03:00) GET /src/pictures/deal.jpg
Thu Jul 16 2020 14:01:57 GMT+0300 (GMT+03:00) GET /src/pictures/cards.png
Thu Jul 16 2020 14:01:57 GMT+0300 (GMT+03:00) GET /src/pictures/water.jpg
Thu Jul 16 2020 14:01:57 GMT+0300 (GMT+03:00) GET /src/pictures/people.jpg
Thu Jul 16 2020 14:01:57 GMT+0300 (GMT+03:00) GET /src/pictures/icon_top.png
Thu Jul 16 2020 14:01:57 GMT+0300 (GMT+03:00) GET /src/fonts/CormorantInfant-Regular.ttf
Thu Jul 16 2020 14:01:57 GMT+0300 (GMT+03:00) GET /src/fonts/Montserrat-ExtraLight.ttf
Thu Jul 16 2020 14:01:57 GMT+0300 (GMT+03:00) GET /src/pictures/globe.svg
Thu Jul 16 2020 14:02:11 GMT+0300 (GMT+03:00) GET /?email=ljlk%40sdfafsd.com&tel=%2B7+%28985%29+647-2545&desc_text=xcvsdblkvnlaskvbjksadbvsadjkl
Thu Jul 16 2020 14:02:11 GMT+0300 (GMT+03:00) GET /css/css.css
Thu Jul 16 2020 14:02:11 GMT+0300 (GMT+03:00) GET /bs/css/bootstrap.min.css
Thu Jul 16 2020 14:02:11 GMT+0300 (GMT+03:00) GET /css/animate.css
Thu Jul 16 2020 14:02:11 GMT+0300 (GMT+03:00) GET /bs/js/jquery-3.5.1.js
Thu Jul 16 2020 14:02:11 GMT+0300 (GMT+03:00) GET /js/jquery.maskedinput.js
Thu Jul 16 2020 14:02:11 GMT+0300 (GMT+03:00) GET /bs/js/bootstrap.min.js
Thu Jul 16 2020 14:02:11 GMT+0300 (GMT+03:00) GET /bs/js/popper.min.js
Thu Jul 16 2020 14:02:11 GMT+0300 (GMT+03:00) GET /js/js.js
Thu Jul 16 2020 14:02:11 GMT+0300 (GMT+03:00) GET /js/wow.min.js
Thu Jul 16 2020 14:02:11 GMT+0300 (GMT+03:00) GET /src/pictures/meeting.jpg
Thu Jul 16 2020 14:02:11 GMT+0300 (GMT+03:00) GET /src/pictures/plane.jpg
Thu Jul 16 2020 14:02:11 GMT+0300 (GMT+03:00) GET /src/pictures/hostel.jpg
Thu Jul 16 2020 14:02:11 GMT+0300 (GMT+03:00) GET /src/pictures/mountains.jpg
Thu Jul 16 2020 14:02:11 GMT+0300 (GMT+03:00) GET /src/pictures/deal.jpg
Thu Jul 16 2020 14:02:11 GMT+0300 (GMT+03:00) GET /src/pictures/cards.png
Thu Jul 16 2020 14:02:11 GMT+0300 (GMT+03:00) GET /src/pictures/water.jpg
Thu Jul 16 2020 14:02:11 GMT+0300 (GMT+03:00) GET /src/pictures/people.jpg
Thu Jul 16 2020 14:02:11 GMT+0300 (GMT+03:00) GET /src/fonts/CormorantInfant-Regular.ttf
Thu Jul 16 2020 14:02:11 GMT+0300 (GMT+03:00) GET /src/fonts/Montserrat-ExtraLight.ttf
Thu Jul 16 2020 14:02:11 GMT+0300 (GMT+03:00) GET /src/pictures/icon_top.png
Thu Jul 16 2020 14:05:29 GMT+0300 (GMT+03:00) GET /?email=ljlk%40sdfafsd.com&tel=%2B7+%28985%29+647-2545&desc_text=xcvsdblkvnlaskvbjksadbvsadjkl
Thu Jul 16 2020 14:05:57 GMT+0300 (GMT+03:00) GET /?email=ljlk%40sdfafsd.com&tel=%2B7+%28985%29+647-2545&desc_text=xcvsdblkvnlaskvbjksadbvsadjkl
Thu Jul 16 2020 14:05:57 GMT+0300 (GMT+03:00) GET /css/css.css
Thu Jul 16 2020 14:05:57 GMT+0300 (GMT+03:00) GET /bs/css/bootstrap.min.css
Thu Jul 16 2020 14:05:57 GMT+0300 (GMT+03:00) GET /css/animate.css
Thu Jul 16 2020 14:05:57 GMT+0300 (GMT+03:00) GET /bs/js/jquery-3.5.1.js
Thu Jul 16 2020 14:05:57 GMT+0300 (GMT+03:00) GET /bs/js/bootstrap.min.js
Thu Jul 16 2020 14:05:57 GMT+0300 (GMT+03:00) GET /js/jquery.maskedinput.js
Thu Jul 16 2020 14:05:57 GMT+0300 (GMT+03:00) GET /bs/js/popper.min.js
Thu Jul 16 2020 14:05:57 GMT+0300 (GMT+03:00) GET /js/js.js
Thu Jul 16 2020 14:05:58 GMT+0300 (GMT+03:00) GET /js/wow.min.js
Thu Jul 16 2020 14:05:58 GMT+0300 (GMT+03:00) GET /src/pictures/meeting.jpg
Thu Jul 16 2020 14:05:58 GMT+0300 (GMT+03:00) GET /src/pictures/plane.jpg
Thu Jul 16 2020 14:05:58 GMT+0300 (GMT+03:00) GET /src/pictures/hostel.jpg
Thu Jul 16 2020 14:05:58 GMT+0300 (GMT+03:00) GET /src/pictures/mountains.jpg
Thu Jul 16 2020 14:05:58 GMT+0300 (GMT+03:00) GET /src/pictures/deal.jpg
Thu Jul 16 2020 14:05:58 GMT+0300 (GMT+03:00) GET /src/pictures/cards.png
Thu Jul 16 2020 14:05:58 GMT+0300 (GMT+03:00) GET /src/pictures/water.jpg
Thu Jul 16 2020 14:05:58 GMT+0300 (GMT+03:00) GET /src/pictures/people.jpg
Thu Jul 16 2020 14:05:58 GMT+0300 (GMT+03:00) GET /src/pictures/icon_top.png
Thu Jul 16 2020 14:05:58 GMT+0300 (GMT+03:00) GET /src/fonts/CormorantInfant-Regular.ttf
Thu Jul 16 2020 14:05:58 GMT+0300 (GMT+03:00) GET /src/fonts/Montserrat-ExtraLight.ttf
Thu Jul 16 2020 14:05:58 GMT+0300 (GMT+03:00) GET /src/pictures/globe.svg
Thu Jul 16 2020 14:06:09 GMT+0300 (GMT+03:00) GET /?email=ljlk%40sdfafsd.com&tel=%2B7+%28985%29+647-2545&desc_text=xcvsdblkvnlaskvbjksadbvsadjkl
Thu Jul 16 2020 14:06:09 GMT+0300 (GMT+03:00) GET /css/css.css
Thu Jul 16 2020 14:06:09 GMT+0300 (GMT+03:00) GET /bs/css/bootstrap.min.css
Thu Jul 16 2020 14:06:09 GMT+0300 (GMT+03:00) GET /css/animate.css
Thu Jul 16 2020 14:06:09 GMT+0300 (GMT+03:00) GET /bs/js/jquery-3.5.1.js
Thu Jul 16 2020 14:06:09 GMT+0300 (GMT+03:00) GET /js/jquery.maskedinput.js
Thu Jul 16 2020 14:06:09 GMT+0300 (GMT+03:00) GET /bs/js/popper.min.js
Thu Jul 16 2020 14:06:09 GMT+0300 (GMT+03:00) GET /bs/js/bootstrap.min.js
Thu Jul 16 2020 14:06:09 GMT+0300 (GMT+03:00) GET /js/js.js
Thu Jul 16 2020 14:06:09 GMT+0300 (GMT+03:00) GET /js/wow.min.js
Thu Jul 16 2020 14:06:09 GMT+0300 (GMT+03:00) GET /src/pictures/meeting.jpg
Thu Jul 16 2020 14:06:09 GMT+0300 (GMT+03:00) GET /src/pictures/plane.jpg
Thu Jul 16 2020 14:06:09 GMT+0300 (GMT+03:00) GET /src/pictures/hostel.jpg
Thu Jul 16 2020 14:06:09 GMT+0300 (GMT+03:00) GET /src/pictures/mountains.jpg
Thu Jul 16 2020 14:06:09 GMT+0300 (GMT+03:00) GET /src/pictures/deal.jpg
Thu Jul 16 2020 14:06:09 GMT+0300 (GMT+03:00) GET /src/pictures/cards.png
Thu Jul 16 2020 14:06:09 GMT+0300 (GMT+03:00) GET /src/pictures/water.jpg
Thu Jul 16 2020 14:06:09 GMT+0300 (GMT+03:00) GET /src/pictures/people.jpg
Thu Jul 16 2020 14:06:09 GMT+0300 (GMT+03:00) GET /src/pictures/icon_top.png
Thu Jul 16 2020 14:06:09 GMT+0300 (GMT+03:00) GET /src/fonts/CormorantInfant-Regular.ttf
Thu Jul 16 2020 14:06:09 GMT+0300 (GMT+03:00) GET /src/fonts/Montserrat-ExtraLight.ttf
Thu Jul 16 2020 14:06:09 GMT+0300 (GMT+03:00) GET /src/pictures/globe.svg
Thu Jul 16 2020 14:06:29 GMT+0300 (GMT+03:00) GET /?email=safdsf%40dsff.vc&tel=%2B1+%28464%29+648-4765&desc_text=sdfsmjbassjkdfsj
Thu Jul 16 2020 14:06:29 GMT+0300 (GMT+03:00) GET /css/css.css
Thu Jul 16 2020 14:06:29 GMT+0300 (GMT+03:00) GET /bs/css/bootstrap.min.css
Thu Jul 16 2020 14:06:29 GMT+0300 (GMT+03:00) GET /css/animate.css
Thu Jul 16 2020 14:06:29 GMT+0300 (GMT+03:00) GET /js/js.js
Thu Jul 16 2020 14:06:29 GMT+0300 (GMT+03:00) GET /bs/js/popper.min.js
Thu Jul 16 2020 14:06:29 GMT+0300 (GMT+03:00) GET /js/jquery.maskedinput.js
Thu Jul 16 2020 14:06:29 GMT+0300 (GMT+03:00) GET /js/wow.min.js
Thu Jul 16 2020 14:06:29 GMT+0300 (GMT+03:00) GET /bs/js/jquery-3.5.1.js
Thu Jul 16 2020 14:06:29 GMT+0300 (GMT+03:00) GET /bs/js/bootstrap.min.js
Thu Jul 16 2020 14:06:29 GMT+0300 (GMT+03:00) GET /src/pictures/meeting.jpg
Thu Jul 16 2020 14:06:29 GMT+0300 (GMT+03:00) GET /src/pictures/plane.jpg
Thu Jul 16 2020 14:06:29 GMT+0300 (GMT+03:00) GET /src/pictures/hostel.jpg
Thu Jul 16 2020 14:06:29 GMT+0300 (GMT+03:00) GET /src/pictures/mountains.jpg
Thu Jul 16 2020 14:06:29 GMT+0300 (GMT+03:00) GET /src/pictures/deal.jpg
Thu Jul 16 2020 14:06:29 GMT+0300 (GMT+03:00) GET /src/pictures/cards.png
Thu Jul 16 2020 14:06:29 GMT+0300 (GMT+03:00) GET /src/pictures/water.jpg
Thu Jul 16 2020 14:06:29 GMT+0300 (GMT+03:00) GET /src/pictures/people.jpg
Thu Jul 16 2020 14:06:29 GMT+0300 (GMT+03:00) GET /src/pictures/icon_top.png
Thu Jul 16 2020 14:06:29 GMT+0300 (GMT+03:00) GET /src/fonts/CormorantInfant-Regular.ttf
Thu Jul 16 2020 14:06:29 GMT+0300 (GMT+03:00) GET /src/fonts/Montserrat-ExtraLight.ttf
Thu Jul 16 2020 14:07:23 GMT+0300 (GMT+03:00) GET /
Thu Jul 16 2020 14:07:23 GMT+0300 (GMT+03:00) GET /css/css.css
Thu Jul 16 2020 14:07:23 GMT+0300 (GMT+03:00) GET /bs/css/bootstrap.min.css
Thu Jul 16 2020 14:07:23 GMT+0300 (GMT+03:00) GET /js/jquery.maskedinput.js
Thu Jul 16 2020 14:07:23 GMT+0300 (GMT+03:00) GET /bs/js/popper.min.js
Thu Jul 16 2020 14:07:23 GMT+0300 (GMT+03:00) GET /css/animate.css
Thu Jul 16 2020 14:07:23 GMT+0300 (GMT+03:00) GET /bs/js/jquery-3.5.1.js
Thu Jul 16 2020 14:07:23 GMT+0300 (GMT+03:00) GET /js/wow.min.js
Thu Jul 16 2020 14:07:23 GMT+0300 (GMT+03:00) GET /bs/js/bootstrap.min.js
Thu Jul 16 2020 14:07:23 GMT+0300 (GMT+03:00) GET /js/js.js
Thu Jul 16 2020 14:07:24 GMT+0300 (GMT+03:00) GET /src/pictures/meeting.jpg
Thu Jul 16 2020 14:07:24 GMT+0300 (GMT+03:00) GET /src/pictures/plane.jpg
Thu Jul 16 2020 14:07:24 GMT+0300 (GMT+03:00) GET /src/pictures/hostel.jpg
Thu Jul 16 2020 14:07:24 GMT+0300 (GMT+03:00) GET /src/pictures/mountains.jpg
Thu Jul 16 2020 14:07:24 GMT+0300 (GMT+03:00) GET /src/pictures/deal.jpg
Thu Jul 16 2020 14:07:24 GMT+0300 (GMT+03:00) GET /src/pictures/cards.png
Thu Jul 16 2020 14:07:24 GMT+0300 (GMT+03:00) GET /src/pictures/water.jpg
Thu Jul 16 2020 14:07:24 GMT+0300 (GMT+03:00) GET /src/pictures/people.jpg
Thu Jul 16 2020 14:07:24 GMT+0300 (GMT+03:00) GET /src/pictures/globe.svg
Thu Jul 16 2020 14:07:41 GMT+0300 (GMT+03:00) GET /?email=ljlk%40sdfafsd.com&tel=%2B6+%28546%29+541-3454&desc_text=4656654%0D%0A65%D1%84%D0%B2%D1%8B%D0%BF%D1%8B%D0%B2%D0%B0%D0%BF%D1%8B%D0%B2%D0%B0%D1%80%D0%BF%D0%B2%D0%B0
Thu Jul 16 2020 14:07:41 GMT+0300 (GMT+03:00) GET /css/css.css
Thu Jul 16 2020 14:07:41 GMT+0300 (GMT+03:00) GET /bs/css/bootstrap.min.css
Thu Jul 16 2020 14:07:41 GMT+0300 (GMT+03:00) GET /css/animate.css
Thu Jul 16 2020 14:07:41 GMT+0300 (GMT+03:00) GET /bs/js/popper.min.js
Thu Jul 16 2020 14:07:41 GMT+0300 (GMT+03:00) GET /bs/js/bootstrap.min.js
Thu Jul 16 2020 14:07:41 GMT+0300 (GMT+03:00) GET /js/wow.min.js
Thu Jul 16 2020 14:07:41 GMT+0300 (GMT+03:00) GET /js/js.js
Thu Jul 16 2020 14:07:41 GMT+0300 (GMT+03:00) GET /js/jquery.maskedinput.js
Thu Jul 16 2020 14:07:41 GMT+0300 (GMT+03:00) GET /bs/js/jquery-3.5.1.js
Thu Jul 16 2020 14:07:41 GMT+0300 (GMT+03:00) GET /src/pictures/meeting.jpg
Thu Jul 16 2020 14:07:41 GMT+0300 (GMT+03:00) GET /src/pictures/plane.jpg
Thu Jul 16 2020 14:07:41 GMT+0300 (GMT+03:00) GET /src/pictures/hostel.jpg
Thu Jul 16 2020 14:07:41 GMT+0300 (GMT+03:00) GET /src/pictures/mountains.jpg
Thu Jul 16 2020 14:07:41 GMT+0300 (GMT+03:00) GET /src/pictures/deal.jpg
Thu Jul 16 2020 14:07:41 GMT+0300 (GMT+03:00) GET /src/pictures/water.jpg
Thu Jul 16 2020 14:07:41 GMT+0300 (GMT+03:00) GET /src/pictures/cards.png
Thu Jul 16 2020 14:07:41 GMT+0300 (GMT+03:00) GET /src/pictures/people.jpg
Thu Jul 16 2020 14:08:56 GMT+0300 (GMT+03:00) GET /?email=ljlk%40sdfafsd.com&tel=%2B6+%28546%29+541-3454&desc_text=4656654%0D%0A65%D1%84%D0%B2%D1%8B%D0%BF%D1%8B%D0%B2%D0%B0%D0%BF%D1%8B%D0%B2%D0%B0%D1%80%D0%BF%D0%B2%D0%B0
Thu Jul 16 2020 14:08:56 GMT+0300 (GMT+03:00) GET /css/css.css
Thu Jul 16 2020 14:08:56 GMT+0300 (GMT+03:00) GET /bs/css/bootstrap.min.css
Thu Jul 16 2020 14:08:56 GMT+0300 (GMT+03:00) GET /css/animate.css
Thu Jul 16 2020 14:08:56 GMT+0300 (GMT+03:00) GET /bs/js/jquery-3.5.1.js
Thu Jul 16 2020 14:08:56 GMT+0300 (GMT+03:00) GET /js/jquery.maskedinput.js
Thu Jul 16 2020 14:08:56 GMT+0300 (GMT+03:00) GET /bs/js/bootstrap.min.js
Thu Jul 16 2020 14:08:56 GMT+0300 (GMT+03:00) GET /bs/js/popper.min.js
Thu Jul 16 2020 14:08:56 GMT+0300 (GMT+03:00) GET /js/js.js
Thu Jul 16 2020 14:08:56 GMT+0300 (GMT+03:00) GET /js/wow.min.js
Thu Jul 16 2020 14:08:56 GMT+0300 (GMT+03:00) GET /src/pictures/meeting.jpg
Thu Jul 16 2020 14:08:56 GMT+0300 (GMT+03:00) GET /src/pictures/plane.jpg
Thu Jul 16 2020 14:08:56 GMT+0300 (GMT+03:00) GET /src/pictures/hostel.jpg
Thu Jul 16 2020 14:08:56 GMT+0300 (GMT+03:00) GET /src/pictures/mountains.jpg
Thu Jul 16 2020 14:08:56 GMT+0300 (GMT+03:00) GET /src/pictures/deal.jpg
Thu Jul 16 2020 14:08:56 GMT+0300 (GMT+03:00) GET /src/pictures/cards.png
Thu Jul 16 2020 14:08:56 GMT+0300 (GMT+03:00) GET /src/pictures/water.jpg
Thu Jul 16 2020 14:08:56 GMT+0300 (GMT+03:00) GET /src/pictures/people.jpg
Thu Jul 16 2020 14:11:05 GMT+0300 (GMT+03:00) GET /?email=ljlk%40sdfafsd.com&tel=%2B6+%28546%29+541-3454&desc_text=4656654%0D%0A65%D1%84%D0%B2%D1%8B%D0%BF%D1%8B%D0%B2%D0%B0%D0%BF%D1%8B%D0%B2%D0%B0%D1%80%D0%BF%D0%B2%D0%B0
Thu Jul 16 2020 14:11:05 GMT+0300 (GMT+03:00) GET /css/css.css
Thu Jul 16 2020 14:11:05 GMT+0300 (GMT+03:00) GET /bs/css/bootstrap.min.css
Thu Jul 16 2020 14:11:05 GMT+0300 (GMT+03:00) GET /css/animate.css
Thu Jul 16 2020 14:11:05 GMT+0300 (GMT+03:00) GET /bs/js/jquery-3.5.1.js
Thu Jul 16 2020 14:11:05 GMT+0300 (GMT+03:00) GET /js/jquery.maskedinput.js
Thu Jul 16 2020 14:11:05 GMT+0300 (GMT+03:00) GET /bs/js/popper.min.js
Thu Jul 16 2020 14:11:05 GMT+0300 (GMT+03:00) GET /bs/js/bootstrap.min.js
Thu Jul 16 2020 14:11:05 GMT+0300 (GMT+03:00) GET /js/js.js
Thu Jul 16 2020 14:11:05 GMT+0300 (GMT+03:00) GET /js/wow.min.js
Thu Jul 16 2020 14:11:05 GMT+0300 (GMT+03:00) GET /src/pictures/meeting.jpg
Thu Jul 16 2020 14:11:05 GMT+0300 (GMT+03:00) GET /src/pictures/plane.jpg
Thu Jul 16 2020 14:11:05 GMT+0300 (GMT+03:00) GET /src/pictures/hostel.jpg
Thu Jul 16 2020 14:11:05 GMT+0300 (GMT+03:00) GET /src/pictures/mountains.jpg
Thu Jul 16 2020 14:11:05 GMT+0300 (GMT+03:00) GET /src/pictures/deal.jpg
Thu Jul 16 2020 14:11:05 GMT+0300 (GMT+03:00) GET /src/pictures/cards.png
Thu Jul 16 2020 14:11:05 GMT+0300 (GMT+03:00) GET /src/pictures/water.jpg
Thu Jul 16 2020 14:11:05 GMT+0300 (GMT+03:00) GET /src/pictures/people.jpg
Thu Jul 16 2020 14:14:11 GMT+0300 (GMT+03:00) GET /
Thu Jul 16 2020 14:14:11 GMT+0300 (GMT+03:00) GET /css/css.css
Thu Jul 16 2020 14:14:11 GMT+0300 (GMT+03:00) GET /bs/css/bootstrap.min.css
Thu Jul 16 2020 14:14:11 GMT+0300 (GMT+03:00) GET /css/animate.css
Thu Jul 16 2020 14:14:11 GMT+0300 (GMT+03:00) GET /bs/js/jquery-3.5.1.js
Thu Jul 16 2020 14:14:11 GMT+0300 (GMT+03:00) GET /js/jquery.maskedinput.js
Thu Jul 16 2020 14:14:11 GMT+0300 (GMT+03:00) GET /bs/js/popper.min.js
Thu Jul 16 2020 14:14:11 GMT+0300 (GMT+03:00) GET /bs/js/bootstrap.min.js
Thu Jul 16 2020 14:14:11 GMT+0300 (GMT+03:00) GET /js/js.js
Thu Jul 16 2020 14:14:11 GMT+0300 (GMT+03:00) GET /js/wow.min.js
Thu Jul 16 2020 14:14:11 GMT+0300 (GMT+03:00) GET /src/pictures/meeting.jpg
Thu Jul 16 2020 14:14:11 GMT+0300 (GMT+03:00) GET /src/pictures/plane.jpg
Thu Jul 16 2020 14:14:11 GMT+0300 (GMT+03:00) GET /src/pictures/hostel.jpg
Thu Jul 16 2020 14:14:11 GMT+0300 (GMT+03:00) GET /src/pictures/mountains.jpg
Thu Jul 16 2020 14:14:11 GMT+0300 (GMT+03:00) GET /src/pictures/deal.jpg
Thu Jul 16 2020 14:14:11 GMT+0300 (GMT+03:00) GET /src/pictures/cards.png
Thu Jul 16 2020 14:14:11 GMT+0300 (GMT+03:00) GET /src/pictures/water.jpg
Thu Jul 16 2020 14:14:11 GMT+0300 (GMT+03:00) GET /src/pictures/people.jpg
Thu Jul 16 2020 14:14:11 GMT+0300 (GMT+03:00) GET /src/pictures/icon_top.png
Thu Jul 16 2020 14:14:11 GMT+0300 (GMT+03:00) GET /src/fonts/CormorantInfant-Regular.ttf
Thu Jul 16 2020 14:14:11 GMT+0300 (GMT+03:00) GET /src/fonts/Montserrat-ExtraLight.ttf
Thu Jul 16 2020 14:14:22 GMT+0300 (GMT+03:00) GET /?email=cscasfdsf%40sfafasfsd.ru&tel=%2B6+%28546%29+541-3454&desc_text=safsdgdfgdshdghtedgbvdfghfd
Thu Jul 16 2020 14:14:22 GMT+0300 (GMT+03:00) GET /css/css.css
Thu Jul 16 2020 14:14:22 GMT+0300 (GMT+03:00) GET /bs/css/bootstrap.min.css
Thu Jul 16 2020 14:14:22 GMT+0300 (GMT+03:00) GET /css/animate.css
Thu Jul 16 2020 14:14:22 GMT+0300 (GMT+03:00) GET /bs/js/jquery-3.5.1.js
Thu Jul 16 2020 14:14:22 GMT+0300 (GMT+03:00) GET /js/jquery.maskedinput.js
Thu Jul 16 2020 14:14:22 GMT+0300 (GMT+03:00) GET /bs/js/popper.min.js
Thu Jul 16 2020 14:14:22 GMT+0300 (GMT+03:00) GET /bs/js/bootstrap.min.js
Thu Jul 16 2020 14:14:22 GMT+0300 (GMT+03:00) GET /js/js.js
Thu Jul 16 2020 14:14:22 GMT+0300 (GMT+03:00) GET /js/wow.min.js
Thu Jul 16 2020 14:14:22 GMT+0300 (GMT+03:00) GET /src/pictures/meeting.jpg
Thu Jul 16 2020 14:14:22 GMT+0300 (GMT+03:00) GET /src/pictures/plane.jpg
Thu Jul 16 2020 14:14:22 GMT+0300 (GMT+03:00) GET /src/pictures/hostel.jpg
Thu Jul 16 2020 14:14:22 GMT+0300 (GMT+03:00) GET /src/pictures/mountains.jpg
Thu Jul 16 2020 14:14:22 GMT+0300 (GMT+03:00) GET /src/pictures/deal.jpg
Thu Jul 16 2020 14:14:22 GMT+0300 (GMT+03:00) GET /src/pictures/cards.png
Thu Jul 16 2020 14:14:22 GMT+0300 (GMT+03:00) GET /src/pictures/water.jpg
Thu Jul 16 2020 14:14:22 GMT+0300 (GMT+03:00) GET /src/pictures/people.jpg
Thu Jul 16 2020 14:14:22 GMT+0300 (GMT+03:00) GET /src/pictures/icon_top.png
Thu Jul 16 2020 14:14:22 GMT+0300 (GMT+03:00) GET /src/fonts/CormorantInfant-Regular.ttf
Thu Jul 16 2020 14:14:22 GMT+0300 (GMT+03:00) GET /src/fonts/Montserrat-ExtraLight.ttf
Thu Jul 16 2020 14:15:55 GMT+0300 (GMT+03:00) GET /?email=cscasfdsf%40sfafasfsd.ru&tel=%2B6+%28546%29+541-3454&desc_text=safsdgdfgdshdghtedgbvdfghfd
Thu Jul 16 2020 14:15:55 GMT+0300 (GMT+03:00) GET /css/css.css
Thu Jul 16 2020 14:15:55 GMT+0300 (GMT+03:00) GET /bs/css/bootstrap.min.css
Thu Jul 16 2020 14:15:55 GMT+0300 (GMT+03:00) GET /css/animate.css
Thu Jul 16 2020 14:15:55 GMT+0300 (GMT+03:00) GET /bs/js/jquery-3.5.1.js
Thu Jul 16 2020 14:15:55 GMT+0300 (GMT+03:00) GET /js/jquery.maskedinput.js
Thu Jul 16 2020 14:15:55 GMT+0300 (GMT+03:00) GET /bs/js/popper.min.js
Thu Jul 16 2020 14:15:55 GMT+0300 (GMT+03:00) GET /bs/js/bootstrap.min.js
Thu Jul 16 2020 14:15:55 GMT+0300 (GMT+03:00) GET /js/js.js
Thu Jul 16 2020 14:15:55 GMT+0300 (GMT+03:00) GET /js/wow.min.js
Thu Jul 16 2020 14:15:55 GMT+0300 (GMT+03:00) GET /src/pictures/meeting.jpg
Thu Jul 16 2020 14:15:55 GMT+0300 (GMT+03:00) GET /src/pictures/plane.jpg
Thu Jul 16 2020 14:15:55 GMT+0300 (GMT+03:00) GET /src/pictures/hostel.jpg
Thu Jul 16 2020 14:15:55 GMT+0300 (GMT+03:00) GET /src/pictures/mountains.jpg
Thu Jul 16 2020 14:15:55 GMT+0300 (GMT+03:00) GET /src/pictures/deal.jpg
Thu Jul 16 2020 14:15:55 GMT+0300 (GMT+03:00) GET /src/pictures/cards.png
Thu Jul 16 2020 14:15:55 GMT+0300 (GMT+03:00) GET /src/pictures/water.jpg
Thu Jul 16 2020 14:15:55 GMT+0300 (GMT+03:00) GET /src/pictures/people.jpg
Thu Jul 16 2020 14:16:16 GMT+0300 (GMT+03:00) GET /?email=cscasfdsf%40sfafasfsd.ru&tel=%2B6+%28546%29+541-3454&desc_text=safsdgdfgdshdghtedgbvdfghfd
Thu Jul 16 2020 14:16:16 GMT+0300 (GMT+03:00) GET /css/css.css
Thu Jul 16 2020 14:16:16 GMT+0300 (GMT+03:00) GET /bs/css/bootstrap.min.css
Thu Jul 16 2020 14:16:16 GMT+0300 (GMT+03:00) GET /css/animate.css
Thu Jul 16 2020 14:16:16 GMT+0300 (GMT+03:00) GET /bs/js/bootstrap.min.js
Thu Jul 16 2020 14:16:16 GMT+0300 (GMT+03:00) GET /js/js.js
Thu Jul 16 2020 14:16:16 GMT+0300 (GMT+03:00) GET /bs/js/jquery-3.5.1.js
Thu Jul 16 2020 14:16:16 GMT+0300 (GMT+03:00) GET /js/jquery.maskedinput.js
Thu Jul 16 2020 14:16:16 GMT+0300 (GMT+03:00) GET /bs/js/popper.min.js
Thu Jul 16 2020 14:16:16 GMT+0300 (GMT+03:00) GET /js/wow.min.js
Thu Jul 16 2020 14:16:16 GMT+0300 (GMT+03:00) GET /src/pictures/meeting.jpg
Thu Jul 16 2020 14:16:16 GMT+0300 (GMT+03:00) GET /src/pictures/plane.jpg
Thu Jul 16 2020 14:16:16 GMT+0300 (GMT+03:00) GET /src/pictures/hostel.jpg
Thu Jul 16 2020 14:16:16 GMT+0300 (GMT+03:00) GET /src/pictures/mountains.jpg
Thu Jul 16 2020 14:16:16 GMT+0300 (GMT+03:00) GET /src/pictures/deal.jpg
Thu Jul 16 2020 14:16:16 GMT+0300 (GMT+03:00) GET /src/pictures/cards.png
Thu Jul 16 2020 14:16:16 GMT+0300 (GMT+03:00) GET /src/pictures/water.jpg
Thu Jul 16 2020 14:16:16 GMT+0300 (GMT+03:00) GET /src/pictures/people.jpg
Thu Jul 16 2020 14:16:16 GMT+0300 (GMT+03:00) GET /src/pictures/icon_top.png
Thu Jul 16 2020 14:16:16 GMT+0300 (GMT+03:00) GET /src/fonts/CormorantInfant-Regular.ttf
Thu Jul 16 2020 14:16:16 GMT+0300 (GMT+03:00) GET /src/fonts/Montserrat-ExtraLight.ttf
Thu Jul 16 2020 14:16:17 GMT+0300 (GMT+03:00) GET /src/pictures/globe.svg
Thu Jul 16 2020 14:16:39 GMT+0300 (GMT+03:00) GET /?email=cscasfdsf%40sfafasfsd.ru&tel=%2B7+%28845%29+651-1354&desc_text=cxvzfzsgdvfghsegbtrhbrfdb+dfgdsf+dfhbd
Thu Jul 16 2020 14:16:39 GMT+0300 (GMT+03:00) GET /css/css.css
Thu Jul 16 2020 14:16:39 GMT+0300 (GMT+03:00) GET /bs/css/bootstrap.min.css
Thu Jul 16 2020 14:16:39 GMT+0300 (GMT+03:00) GET /css/animate.css
Thu Jul 16 2020 14:16:39 GMT+0300 (GMT+03:00) GET /bs/js/jquery-3.5.1.js
Thu Jul 16 2020 14:16:39 GMT+0300 (GMT+03:00) GET /js/jquery.maskedinput.js
Thu Jul 16 2020 14:16:39 GMT+0300 (GMT+03:00) GET /bs/js/popper.min.js
Thu Jul 16 2020 14:16:39 GMT+0300 (GMT+03:00) GET /bs/js/bootstrap.min.js
Thu Jul 16 2020 14:16:39 GMT+0300 (GMT+03:00) GET /js/wow.min.js
Thu Jul 16 2020 14:16:39 GMT+0300 (GMT+03:00) GET /js/js.js
Thu Jul 16 2020 14:16:39 GMT+0300 (GMT+03:00) GET /src/pictures/meeting.jpg
Thu Jul 16 2020 14:16:39 GMT+0300 (GMT+03:00) GET /src/pictures/plane.jpg
Thu Jul 16 2020 14:16:39 GMT+0300 (GMT+03:00) GET /src/pictures/hostel.jpg
Thu Jul 16 2020 14:16:39 GMT+0300 (GMT+03:00) GET /src/pictures/mountains.jpg
Thu Jul 16 2020 14:16:39 GMT+0300 (GMT+03:00) GET /src/pictures/deal.jpg
Thu Jul 16 2020 14:16:39 GMT+0300 (GMT+03:00) GET /src/pictures/cards.png
Thu Jul 16 2020 14:16:39 GMT+0300 (GMT+03:00) GET /src/pictures/water.jpg
Thu Jul 16 2020 14:16:39 GMT+0300 (GMT+03:00) GET /src/pictures/people.jpg
Thu Jul 16 2020 14:16:39 GMT+0300 (GMT+03:00) GET /src/pictures/icon_top.png
Thu Jul 16 2020 14:16:39 GMT+0300 (GMT+03:00) GET /src/fonts/CormorantInfant-Regular.ttf
Thu Jul 16 2020 14:16:39 GMT+0300 (GMT+03:00) GET /src/fonts/Montserrat-ExtraLight.ttf
Thu Jul 16 2020 14:17:43 GMT+0300 (GMT+03:00) GET /
Thu Jul 16 2020 14:17:43 GMT+0300 (GMT+03:00) GET /css/css.css
Thu Jul 16 2020 14:17:43 GMT+0300 (GMT+03:00) GET /bs/css/bootstrap.min.css
Thu Jul 16 2020 14:17:43 GMT+0300 (GMT+03:00) GET /css/animate.css
Thu Jul 16 2020 14:17:43 GMT+0300 (GMT+03:00) GET /bs/js/jquery-3.5.1.js
Thu Jul 16 2020 14:17:43 GMT+0300 (GMT+03:00) GET /js/jquery.maskedinput.js
Thu Jul 16 2020 14:17:43 GMT+0300 (GMT+03:00) GET /bs/js/popper.min.js
Thu Jul 16 2020 14:17:43 GMT+0300 (GMT+03:00) GET /bs/js/bootstrap.min.js
Thu Jul 16 2020 14:17:43 GMT+0300 (GMT+03:00) GET /js/js.js
Thu Jul 16 2020 14:17:43 GMT+0300 (GMT+03:00) GET /js/wow.min.js
Thu Jul 16 2020 14:17:43 GMT+0300 (GMT+03:00) GET /src/pictures/meeting.jpg
Thu Jul 16 2020 14:17:43 GMT+0300 (GMT+03:00) GET /src/pictures/plane.jpg
Thu Jul 16 2020 14:17:43 GMT+0300 (GMT+03:00) GET /src/pictures/hostel.jpg
Thu Jul 16 2020 14:17:43 GMT+0300 (GMT+03:00) GET /src/pictures/mountains.jpg
Thu Jul 16 2020 14:17:43 GMT+0300 (GMT+03:00) GET /src/pictures/deal.jpg
Thu Jul 16 2020 14:17:43 GMT+0300 (GMT+03:00) GET /src/pictures/cards.png
Thu Jul 16 2020 14:17:43 GMT+0300 (GMT+03:00) GET /src/pictures/water.jpg
Thu Jul 16 2020 14:17:43 GMT+0300 (GMT+03:00) GET /src/pictures/people.jpg
Thu Jul 16 2020 14:17:43 GMT+0300 (GMT+03:00) GET /bs/js/jquery-3.5.1.js
Thu Jul 16 2020 14:17:43 GMT+0300 (GMT+03:00) GET /js/jquery.maskedinput.js
Thu Jul 16 2020 14:17:43 GMT+0300 (GMT+03:00) GET /bs/js/popper.min.js
Thu Jul 16 2020 14:17:43 GMT+0300 (GMT+03:00) GET /bs/js/bootstrap.min.js
Thu Jul 16 2020 14:17:43 GMT+0300 (GMT+03:00) GET /js/js.js
Thu Jul 16 2020 14:17:43 GMT+0300 (GMT+03:00) GET /js/wow.min.js
Thu Jul 16 2020 14:17:43 GMT+0300 (GMT+03:00) GET /src/pictures/meeting.jpg
Thu Jul 16 2020 14:17:43 GMT+0300 (GMT+03:00) GET /src/pictures/plane.jpg
Thu Jul 16 2020 14:17:44 GMT+0300 (GMT+03:00) GET /src/pictures/hostel.jpg
Thu Jul 16 2020 14:17:44 GMT+0300 (GMT+03:00) GET /src/pictures/mountains.jpg
Thu Jul 16 2020 14:17:44 GMT+0300 (GMT+03:00) GET /src/pictures/deal.jpg
Thu Jul 16 2020 14:17:44 GMT+0300 (GMT+03:00) GET /src/pictures/cards.png
Thu Jul 16 2020 14:17:44 GMT+0300 (GMT+03:00) GET /src/pictures/water.jpg
Thu Jul 16 2020 14:17:44 GMT+0300 (GMT+03:00) GET /src/pictures/people.jpg
Thu Jul 16 2020 14:17:44 GMT+0300 (GMT+03:00) GET /src/pictures/icon_top.png
Thu Jul 16 2020 14:17:44 GMT+0300 (GMT+03:00) GET /src/fonts/CormorantInfant-Regular.ttf
Thu Jul 16 2020 14:17:44 GMT+0300 (GMT+03:00) GET /src/fonts/Montserrat-ExtraLight.ttf
Thu Jul 16 2020 14:18:03 GMT+0300 (GMT+03:00) GET /?email=ljlk%40sdfafsd.com&tel=&desc_text=fdsgadsfgdfghdsghsdhdfghsdgbf
Thu Jul 16 2020 14:18:03 GMT+0300 (GMT+03:00) GET /css/css.css
Thu Jul 16 2020 14:18:03 GMT+0300 (GMT+03:00) GET /bs/css/bootstrap.min.css
Thu Jul 16 2020 14:18:03 GMT+0300 (GMT+03:00) GET /css/animate.css
Thu Jul 16 2020 14:18:03 GMT+0300 (GMT+03:00) GET /bs/js/jquery-3.5.1.js
Thu Jul 16 2020 14:18:03 GMT+0300 (GMT+03:00) GET /js/jquery.maskedinput.js
Thu Jul 16 2020 14:18:03 GMT+0300 (GMT+03:00) GET /bs/js/popper.min.js
Thu Jul 16 2020 14:18:03 GMT+0300 (GMT+03:00) GET /bs/js/bootstrap.min.js
Thu Jul 16 2020 14:18:03 GMT+0300 (GMT+03:00) GET /js/js.js
Thu Jul 16 2020 14:18:03 GMT+0300 (GMT+03:00) GET /js/wow.min.js
Thu Jul 16 2020 14:18:03 GMT+0300 (GMT+03:00) GET /src/pictures/meeting.jpg
Thu Jul 16 2020 14:18:03 GMT+0300 (GMT+03:00) GET /src/pictures/plane.jpg
Thu Jul 16 2020 14:18:03 GMT+0300 (GMT+03:00) GET /src/pictures/hostel.jpg
Thu Jul 16 2020 14:18:04 GMT+0300 (GMT+03:00) GET /src/pictures/mountains.jpg
Thu Jul 16 2020 14:18:04 GMT+0300 (GMT+03:00) GET /src/pictures/deal.jpg
Thu Jul 16 2020 14:18:04 GMT+0300 (GMT+03:00) GET /src/pictures/cards.png
Thu Jul 16 2020 14:18:04 GMT+0300 (GMT+03:00) GET /src/pictures/water.jpg
Thu Jul 16 2020 14:18:04 GMT+0300 (GMT+03:00) GET /src/pictures/people.jpg
Thu Jul 16 2020 14:18:04 GMT+0300 (GMT+03:00) GET /src/pictures/icon_top.png
Thu Jul 16 2020 14:18:04 GMT+0300 (GMT+03:00) GET /src/fonts/CormorantInfant-Regular.ttf
Thu Jul 16 2020 14:18:04 GMT+0300 (GMT+03:00) GET /src/fonts/Montserrat-ExtraLight.ttf
Thu Jul 16 2020 14:20:41 GMT+0300 (GMT+03:00) GET /
Thu Jul 16 2020 14:20:41 GMT+0300 (GMT+03:00) GET /css/css.css
Thu Jul 16 2020 14:20:41 GMT+0300 (GMT+03:00) GET /bs/css/bootstrap.min.css
Thu Jul 16 2020 14:20:41 GMT+0300 (GMT+03:00) GET /css/animate.css
Thu Jul 16 2020 14:20:41 GMT+0300 (GMT+03:00) GET /bs/js/jquery-3.5.1.js
Thu Jul 16 2020 14:20:41 GMT+0300 (GMT+03:00) GET /js/jquery.maskedinput.js
Thu Jul 16 2020 14:20:41 GMT+0300 (GMT+03:00) GET /bs/js/popper.min.js
Thu Jul 16 2020 14:20:41 GMT+0300 (GMT+03:00) GET /bs/js/bootstrap.min.js
Thu Jul 16 2020 14:20:41 GMT+0300 (GMT+03:00) GET /js/js.js
Thu Jul 16 2020 14:20:41 GMT+0300 (GMT+03:00) GET /js/wow.min.js
Thu Jul 16 2020 14:20:41 GMT+0300 (GMT+03:00) GET /src/pictures/meeting.jpg
Thu Jul 16 2020 14:20:41 GMT+0300 (GMT+03:00) GET /src/pictures/plane.jpg
Thu Jul 16 2020 14:20:41 GMT+0300 (GMT+03:00) GET /src/pictures/hostel.jpg
Thu Jul 16 2020 14:20:41 GMT+0300 (GMT+03:00) GET /src/pictures/mountains.jpg
Thu Jul 16 2020 14:20:41 GMT+0300 (GMT+03:00) GET /src/pictures/water.jpg
Thu Jul 16 2020 14:20:41 GMT+0300 (GMT+03:00) GET /src/pictures/deal.jpg
Thu Jul 16 2020 14:20:41 GMT+0300 (GMT+03:00) GET /src/pictures/cards.png
Thu Jul 16 2020 14:20:41 GMT+0300 (GMT+03:00) GET /src/pictures/people.jpg
Thu Jul 16 2020 14:20:41 GMT+0300 (GMT+03:00) GET /bs/js/jquery-3.5.1.js
Thu Jul 16 2020 14:20:41 GMT+0300 (GMT+03:00) GET /js/jquery.maskedinput.js
Thu Jul 16 2020 14:20:41 GMT+0300 (GMT+03:00) GET /bs/js/popper.min.js
Thu Jul 16 2020 14:20:41 GMT+0300 (GMT+03:00) GET /js/js.js
Thu Jul 16 2020 14:20:41 GMT+0300 (GMT+03:00) GET /bs/js/bootstrap.min.js
Thu Jul 16 2020 14:20:41 GMT+0300 (GMT+03:00) GET /js/wow.min.js
Thu Jul 16 2020 14:20:41 GMT+0300 (GMT+03:00) GET /src/pictures/meeting.jpg
Thu Jul 16 2020 14:20:41 GMT+0300 (GMT+03:00) GET /src/pictures/plane.jpg
Thu Jul 16 2020 14:20:41 GMT+0300 (GMT+03:00) GET /src/pictures/hostel.jpg
Thu Jul 16 2020 14:20:41 GMT+0300 (GMT+03:00) GET /src/pictures/mountains.jpg
Thu Jul 16 2020 14:20:41 GMT+0300 (GMT+03:00) GET /src/pictures/deal.jpg
Thu Jul 16 2020 14:20:41 GMT+0300 (GMT+03:00) GET /src/pictures/cards.png
Thu Jul 16 2020 14:20:41 GMT+0300 (GMT+03:00) GET /src/pictures/water.jpg
Thu Jul 16 2020 14:20:41 GMT+0300 (GMT+03:00) GET /src/pictures/people.jpg
Thu Jul 16 2020 14:20:41 GMT+0300 (GMT+03:00) GET /src/pictures/icon_top.png
Thu Jul 16 2020 14:20:41 GMT+0300 (GMT+03:00) GET /src/fonts/CormorantInfant-Regular.ttf
Thu Jul 16 2020 14:20:41 GMT+0300 (GMT+03:00) GET /src/fonts/Montserrat-ExtraLight.ttf
Thu Jul 16 2020 14:20:57 GMT+0300 (GMT+03:00) GET /?email=cscasfdsf%40sfafasfsd.ru&tel=&desc_text=regbjendgberjgbe+ejrghergvjrh+gerjkgherherjklgvhel+ejrhgevjvheg
Thu Jul 16 2020 14:20:58 GMT+0300 (GMT+03:00) GET /css/css.css
Thu Jul 16 2020 14:20:58 GMT+0300 (GMT+03:00) GET /bs/css/bootstrap.min.css
Thu Jul 16 2020 14:20:58 GMT+0300 (GMT+03:00) GET /css/animate.css
Thu Jul 16 2020 14:20:58 GMT+0300 (GMT+03:00) GET /bs/js/jquery-3.5.1.js
Thu Jul 16 2020 14:20:58 GMT+0300 (GMT+03:00) GET /js/jquery.maskedinput.js
Thu Jul 16 2020 14:20:58 GMT+0300 (GMT+03:00) GET /bs/js/popper.min.js
Thu Jul 16 2020 14:20:58 GMT+0300 (GMT+03:00) GET /bs/js/bootstrap.min.js
Thu Jul 16 2020 14:20:58 GMT+0300 (GMT+03:00) GET /js/js.js
Thu Jul 16 2020 14:20:58 GMT+0300 (GMT+03:00) GET /js/wow.min.js
Thu Jul 16 2020 14:20:58 GMT+0300 (GMT+03:00) GET /src/pictures/meeting.jpg
Thu Jul 16 2020 14:20:58 GMT+0300 (GMT+03:00) GET /src/pictures/plane.jpg
Thu Jul 16 2020 14:20:58 GMT+0300 (GMT+03:00) GET /src/pictures/hostel.jpg
Thu Jul 16 2020 14:20:58 GMT+0300 (GMT+03:00) GET /src/pictures/mountains.jpg
Thu Jul 16 2020 14:20:58 GMT+0300 (GMT+03:00) GET /src/pictures/cards.png
Thu Jul 16 2020 14:20:58 GMT+0300 (GMT+03:00) GET /src/pictures/deal.jpg
Thu Jul 16 2020 14:20:58 GMT+0300 (GMT+03:00) GET /src/pictures/water.jpg
Thu Jul 16 2020 14:20:58 GMT+0300 (GMT+03:00) GET /src/pictures/people.jpg
Thu Jul 16 2020 14:20:58 GMT+0300 (GMT+03:00) GET /src/pictures/icon_top.png
Thu Jul 16 2020 14:20:58 GMT+0300 (GMT+03:00) GET /src/fonts/CormorantInfant-Regular.ttf
Thu Jul 16 2020 14:20:58 GMT+0300 (GMT+03:00) GET /src/fonts/Montserrat-ExtraLight.ttf
Thu Jul 16 2020 14:30:08 GMT+0300 (GMT+03:00) GET /
Thu Jul 16 2020 14:30:08 GMT+0300 (GMT+03:00) GET /css/css.css
Thu Jul 16 2020 14:30:08 GMT+0300 (GMT+03:00) GET /bs/css/bootstrap.min.css
Thu Jul 16 2020 14:30:08 GMT+0300 (GMT+03:00) GET /css/animate.css
Thu Jul 16 2020 14:30:08 GMT+0300 (GMT+03:00) GET /bs/js/jquery-3.5.1.js
Thu Jul 16 2020 14:30:08 GMT+0300 (GMT+03:00) GET /js/jquery.maskedinput.js
Thu Jul 16 2020 14:30:08 GMT+0300 (GMT+03:00) GET /bs/js/popper.min.js
Thu Jul 16 2020 14:30:08 GMT+0300 (GMT+03:00) GET /bs/js/bootstrap.min.js
Thu Jul 16 2020 14:30:08 GMT+0300 (GMT+03:00) GET /js/js.js
Thu Jul 16 2020 14:30:08 GMT+0300 (GMT+03:00) GET /js/wow.min.js
Thu Jul 16 2020 14:30:08 GMT+0300 (GMT+03:00) GET /src/pictures/meeting.jpg
Thu Jul 16 2020 14:30:08 GMT+0300 (GMT+03:00) GET /src/pictures/plane.jpg
Thu Jul 16 2020 14:30:08 GMT+0300 (GMT+03:00) GET /src/pictures/hostel.jpg
Thu Jul 16 2020 14:30:08 GMT+0300 (GMT+03:00) GET /src/pictures/mountains.jpg
Thu Jul 16 2020 14:30:08 GMT+0300 (GMT+03:00) GET /src/pictures/deal.jpg
Thu Jul 16 2020 14:30:08 GMT+0300 (GMT+03:00) GET /src/pictures/cards.png
Thu Jul 16 2020 14:30:08 GMT+0300 (GMT+03:00) GET /src/pictures/water.jpg
Thu Jul 16 2020 14:30:08 GMT+0300 (GMT+03:00) GET /src/pictures/people.jpg
Thu Jul 16 2020 14:30:09 GMT+0300 (GMT+03:00) GET /bs/js/jquery-3.5.1.js
Thu Jul 16 2020 14:30:09 GMT+0300 (GMT+03:00) GET /js/jquery.maskedinput.js
Thu Jul 16 2020 14:30:09 GMT+0300 (GMT+03:00) GET /bs/js/popper.min.js
Thu Jul 16 2020 14:30:09 GMT+0300 (GMT+03:00) GET /bs/js/bootstrap.min.js
Thu Jul 16 2020 14:30:09 GMT+0300 (GMT+03:00) GET /js/js.js
Thu Jul 16 2020 14:30:09 GMT+0300 (GMT+03:00) GET /js/wow.min.js
Thu Jul 16 2020 14:30:09 GMT+0300 (GMT+03:00) GET /src/pictures/meeting.jpg
Thu Jul 16 2020 14:30:09 GMT+0300 (GMT+03:00) GET /src/pictures/plane.jpg
Thu Jul 16 2020 14:30:09 GMT+0300 (GMT+03:00) GET /src/pictures/hostel.jpg
Thu Jul 16 2020 14:30:09 GMT+0300 (GMT+03:00) GET /src/pictures/mountains.jpg
Thu Jul 16 2020 14:30:09 GMT+0300 (GMT+03:00) GET /src/pictures/deal.jpg
Thu Jul 16 2020 14:30:09 GMT+0300 (GMT+03:00) GET /src/pictures/cards.png
Thu Jul 16 2020 14:30:09 GMT+0300 (GMT+03:00) GET /src/pictures/water.jpg
Thu Jul 16 2020 14:30:09 GMT+0300 (GMT+03:00) GET /src/pictures/people.jpg
Thu Jul 16 2020 14:30:09 GMT+0300 (GMT+03:00) GET /src/pictures/icon_top.png
Thu Jul 16 2020 14:30:09 GMT+0300 (GMT+03:00) GET /src/fonts/CormorantInfant-Regular.ttf
Thu Jul 16 2020 14:30:09 GMT+0300 (GMT+03:00) GET /src/fonts/Montserrat-ExtraLight.ttf
Thu Jul 16 2020 14:30:28 GMT+0300 (GMT+03:00) GET /?email=ljlk%40sdfafsd.com&tel=&desc_text=dsfasddrhg+tsdghyrhjer+trhdtrh
Thu Jul 16 2020 14:30:28 GMT+0300 (GMT+03:00) GET /css/css.css
Thu Jul 16 2020 14:30:28 GMT+0300 (GMT+03:00) GET /bs/css/bootstrap.min.css
Thu Jul 16 2020 14:30:28 GMT+0300 (GMT+03:00) GET /js/jquery.maskedinput.js
Thu Jul 16 2020 14:30:28 GMT+0300 (GMT+03:00) GET /bs/js/popper.min.js
Thu Jul 16 2020 14:30:28 GMT+0300 (GMT+03:00) GET /css/animate.css
Thu Jul 16 2020 14:30:28 GMT+0300 (GMT+03:00) GET /bs/js/jquery-3.5.1.js
Thu Jul 16 2020 14:30:28 GMT+0300 (GMT+03:00) GET /js/wow.min.js
Thu Jul 16 2020 14:30:28 GMT+0300 (GMT+03:00) GET /bs/js/bootstrap.min.js
Thu Jul 16 2020 14:30:28 GMT+0300 (GMT+03:00) GET /js/js.js
Thu Jul 16 2020 14:30:28 GMT+0300 (GMT+03:00) GET /src/pictures/meeting.jpg
Thu Jul 16 2020 14:30:28 GMT+0300 (GMT+03:00) GET /src/pictures/plane.jpg
Thu Jul 16 2020 14:30:28 GMT+0300 (GMT+03:00) GET /src/pictures/hostel.jpg
Thu Jul 16 2020 14:30:28 GMT+0300 (GMT+03:00) GET /src/pictures/mountains.jpg
Thu Jul 16 2020 14:30:28 GMT+0300 (GMT+03:00) GET /src/pictures/deal.jpg
Thu Jul 16 2020 14:30:28 GMT+0300 (GMT+03:00) GET /src/pictures/cards.png
Thu Jul 16 2020 14:30:28 GMT+0300 (GMT+03:00) GET /src/pictures/water.jpg
Thu Jul 16 2020 14:30:28 GMT+0300 (GMT+03:00) GET /src/pictures/people.jpg
Thu Jul 16 2020 14:30:28 GMT+0300 (GMT+03:00) GET /src/pictures/icon_top.png
Thu Jul 16 2020 14:30:28 GMT+0300 (GMT+03:00) GET /src/fonts/CormorantInfant-Regular.ttf
Thu Jul 16 2020 14:30:28 GMT+0300 (GMT+03:00) GET /src/fonts/Montserrat-ExtraLight.ttf
Thu Jul 16 2020 14:31:58 GMT+0300 (GMT+03:00) GET /
Thu Jul 16 2020 14:31:58 GMT+0300 (GMT+03:00) GET /css/css.css
Thu Jul 16 2020 14:31:58 GMT+0300 (GMT+03:00) GET /bs/css/bootstrap.min.css
Thu Jul 16 2020 14:31:58 GMT+0300 (GMT+03:00) GET /css/animate.css
Thu Jul 16 2020 14:31:58 GMT+0300 (GMT+03:00) GET /bs/js/jquery-3.5.1.js
Thu Jul 16 2020 14:31:58 GMT+0300 (GMT+03:00) GET /js/jquery.maskedinput.js
Thu Jul 16 2020 14:31:58 GMT+0300 (GMT+03:00) GET /bs/js/popper.min.js
Thu Jul 16 2020 14:31:58 GMT+0300 (GMT+03:00) GET /bs/js/bootstrap.min.js
Thu Jul 16 2020 14:31:58 GMT+0300 (GMT+03:00) GET /js/js.js
Thu Jul 16 2020 14:31:58 GMT+0300 (GMT+03:00) GET /js/wow.min.js
Thu Jul 16 2020 14:31:58 GMT+0300 (GMT+03:00) GET /src/pictures/meeting.jpg
Thu Jul 16 2020 14:31:58 GMT+0300 (GMT+03:00) GET /src/pictures/plane.jpg
Thu Jul 16 2020 14:31:58 GMT+0300 (GMT+03:00) GET /src/pictures/hostel.jpg
Thu Jul 16 2020 14:31:58 GMT+0300 (GMT+03:00) GET /src/pictures/mountains.jpg
Thu Jul 16 2020 14:31:58 GMT+0300 (GMT+03:00) GET /src/pictures/deal.jpg
Thu Jul 16 2020 14:31:58 GMT+0300 (GMT+03:00) GET /src/pictures/cards.png
Thu Jul 16 2020 14:31:58 GMT+0300 (GMT+03:00) GET /src/pictures/water.jpg
Thu Jul 16 2020 14:31:58 GMT+0300 (GMT+03:00) GET /src/pictures/people.jpg
Thu Jul 16 2020 14:31:58 GMT+0300 (GMT+03:00) GET /src/pictures/icon_top.png
Thu Jul 16 2020 14:31:58 GMT+0300 (GMT+03:00) GET /src/fonts/CormorantInfant-Regular.ttf
Thu Jul 16 2020 14:31:58 GMT+0300 (GMT+03:00) GET /src/fonts/Montserrat-ExtraLight.ttf
Thu Jul 16 2020 14:32:12 GMT+0300 (GMT+03:00) GET /?email=cscasfdsf%40sfafasfsd.ru&tel=&desc_text=dshvjdskfgdsfjgdfjklvhsdfghdsklghdsvkl
Thu Jul 16 2020 14:32:12 GMT+0300 (GMT+03:00) GET /css/css.css
Thu Jul 16 2020 14:32:12 GMT+0300 (GMT+03:00) GET /bs/css/bootstrap.min.css
Thu Jul 16 2020 14:32:12 GMT+0300 (GMT+03:00) GET /css/animate.css
Thu Jul 16 2020 14:32:12 GMT+0300 (GMT+03:00) GET /bs/js/jquery-3.5.1.js
Thu Jul 16 2020 14:32:12 GMT+0300 (GMT+03:00) GET /bs/js/popper.min.js
Thu Jul 16 2020 14:32:12 GMT+0300 (GMT+03:00) GET /js/jquery.maskedinput.js
Thu Jul 16 2020 14:32:12 GMT+0300 (GMT+03:00) GET /bs/js/bootstrap.min.js
Thu Jul 16 2020 14:32:12 GMT+0300 (GMT+03:00) GET /js/js.js
Thu Jul 16 2020 14:32:12 GMT+0300 (GMT+03:00) GET /js/wow.min.js
Thu Jul 16 2020 14:32:12 GMT+0300 (GMT+03:00) GET /src/pictures/meeting.jpg
Thu Jul 16 2020 14:32:12 GMT+0300 (GMT+03:00) GET /src/pictures/plane.jpg
Thu Jul 16 2020 14:32:12 GMT+0300 (GMT+03:00) GET /src/pictures/hostel.jpg
Thu Jul 16 2020 14:32:12 GMT+0300 (GMT+03:00) GET /src/pictures/mountains.jpg
Thu Jul 16 2020 14:32:12 GMT+0300 (GMT+03:00) GET /src/pictures/deal.jpg
Thu Jul 16 2020 14:32:12 GMT+0300 (GMT+03:00) GET /src/pictures/cards.png
Thu Jul 16 2020 14:32:12 GMT+0300 (GMT+03:00) GET /src/pictures/water.jpg
Thu Jul 16 2020 14:32:12 GMT+0300 (GMT+03:00) GET /src/pictures/people.jpg
Thu Jul 16 2020 14:32:12 GMT+0300 (GMT+03:00) GET /src/pictures/icon_top.png
Thu Jul 16 2020 14:32:12 GMT+0300 (GMT+03:00) GET /src/fonts/CormorantInfant-Regular.ttf
Thu Jul 16 2020 14:32:12 GMT+0300 (GMT+03:00) GET /src/fonts/Montserrat-ExtraLight.ttf
Thu Jul 16 2020 16:22:06 GMT+0300 (GMT+03:00) GET /
Thu Jul 16 2020 16:22:06 GMT+0300 (GMT+03:00) GET /css/css.css
Thu Jul 16 2020 16:22:06 GMT+0300 (GMT+03:00) GET /bs/css/bootstrap.min.css
Thu Jul 16 2020 16:22:06 GMT+0300 (GMT+03:00) GET /css/animate.css
Thu Jul 16 2020 16:22:06 GMT+0300 (GMT+03:00) GET /bs/js/jquery-3.5.1.js
Thu Jul 16 2020 16:22:06 GMT+0300 (GMT+03:00) GET /js/jquery.maskedinput.js
Thu Jul 16 2020 16:22:06 GMT+0300 (GMT+03:00) GET /bs/js/popper.min.js
Thu Jul 16 2020 16:22:06 GMT+0300 (GMT+03:00) GET /bs/js/bootstrap.min.js
Thu Jul 16 2020 16:22:06 GMT+0300 (GMT+03:00) GET /js/js.js
Thu Jul 16 2020 16:22:06 GMT+0300 (GMT+03:00) GET /js/wow.min.js
Thu Jul 16 2020 16:22:06 GMT+0300 (GMT+03:00) GET /src/pictures/meeting.jpg
Thu Jul 16 2020 16:22:06 GMT+0300 (GMT+03:00) GET /src/pictures/plane.jpg
Thu Jul 16 2020 16:22:06 GMT+0300 (GMT+03:00) GET /src/pictures/hostel.jpg
Thu Jul 16 2020 16:22:06 GMT+0300 (GMT+03:00) GET /src/pictures/mountains.jpg
Thu Jul 16 2020 16:22:06 GMT+0300 (GMT+03:00) GET /src/pictures/deal.jpg
Thu Jul 16 2020 16:22:06 GMT+0300 (GMT+03:00) GET /src/pictures/cards.png
Thu Jul 16 2020 16:22:06 GMT+0300 (GMT+03:00) GET /src/pictures/water.jpg
Thu Jul 16 2020 16:22:06 GMT+0300 (GMT+03:00) GET /src/pictures/people.jpg
Thu Jul 16 2020 16:22:07 GMT+0300 (GMT+03:00) GET /src/pictures/icon_top.png
Thu Jul 16 2020 16:22:07 GMT+0300 (GMT+03:00) GET /src/fonts/CormorantInfant-Regular.ttf
Thu Jul 16 2020 16:22:07 GMT+0300 (GMT+03:00) GET /src/fonts/Montserrat-ExtraLight.ttf
Thu Jul 16 2020 16:22:32 GMT+0300 (GMT+03:00) GET /?email=sshibanov1%40yandex.ru&tel=%2B8+%28080%29+808-0545&desc_text=asfdsgvsdfvbdsfvbdsfv+
Thu Jul 16 2020 16:22:33 GMT+0300 (GMT+03:00) GET /css/css.css
Thu Jul 16 2020 16:22:33 GMT+0300 (GMT+03:00) GET /bs/css/bootstrap.min.css
Thu Jul 16 2020 16:22:33 GMT+0300 (GMT+03:00) GET /css/animate.css
Thu Jul 16 2020 16:22:33 GMT+0300 (GMT+03:00) GET /bs/js/jquery-3.5.1.js
Thu Jul 16 2020 16:22:33 GMT+0300 (GMT+03:00) GET /js/jquery.maskedinput.js
Thu Jul 16 2020 16:22:33 GMT+0300 (GMT+03:00) GET /js/js.js
Thu Jul 16 2020 16:22:33 GMT+0300 (GMT+03:00) GET /js/wow.min.js
Thu Jul 16 2020 16:22:33 GMT+0300 (GMT+03:00) GET /bs/js/popper.min.js
Thu Jul 16 2020 16:22:33 GMT+0300 (GMT+03:00) GET /bs/js/bootstrap.min.js
Thu Jul 16 2020 16:22:33 GMT+0300 (GMT+03:00) GET /src/pictures/meeting.jpg
Thu Jul 16 2020 16:22:33 GMT+0300 (GMT+03:00) GET /src/pictures/plane.jpg
Thu Jul 16 2020 16:22:33 GMT+0300 (GMT+03:00) GET /src/pictures/hostel.jpg
Thu Jul 16 2020 16:22:33 GMT+0300 (GMT+03:00) GET /src/pictures/mountains.jpg
Thu Jul 16 2020 16:22:33 GMT+0300 (GMT+03:00) GET /src/pictures/deal.jpg
Thu Jul 16 2020 16:22:33 GMT+0300 (GMT+03:00) GET /src/pictures/cards.png
Thu Jul 16 2020 16:22:33 GMT+0300 (GMT+03:00) GET /src/pictures/people.jpg
Thu Jul 16 2020 16:22:33 GMT+0300 (GMT+03:00) GET /src/pictures/water.jpg
Thu Jul 16 2020 16:22:33 GMT+0300 (GMT+03:00) GET /src/pictures/icon_top.png
Thu Jul 16 2020 16:22:33 GMT+0300 (GMT+03:00) GET /src/fonts/CormorantInfant-Regular.ttf
Thu Jul 16 2020 16:22:33 GMT+0300 (GMT+03:00) GET /src/fonts/Montserrat-ExtraLight.ttf
Thu Jul 16 2020 16:31:40 GMT+0300 (GMT+03:00) GET /?email=sshibanov1%40yandex.ru&tel=%2B8+%28080%29+808-0545&desc_text=asfdsgvsdfvbdsfvbdsfv+
Thu Jul 16 2020 16:31:40 GMT+0300 (GMT+03:00) GET /css/css.css
Thu Jul 16 2020 16:31:40 GMT+0300 (GMT+03:00) GET /bs/css/bootstrap.min.css
Thu Jul 16 2020 16:31:40 GMT+0300 (GMT+03:00) GET /bs/js/jquery-3.5.1.js
Thu Jul 16 2020 16:31:40 GMT+0300 (GMT+03:00) GET /css/animate.css
Thu Jul 16 2020 16:31:40 GMT+0300 (GMT+03:00) GET /bs/js/popper.min.js
Thu Jul 16 2020 16:31:40 GMT+0300 (GMT+03:00) GET /bs/js/bootstrap.min.js
Thu Jul 16 2020 16:31:41 GMT+0300 (GMT+03:00) GET /js/js.js
Thu Jul 16 2020 16:31:41 GMT+0300 (GMT+03:00) GET /js/wow.min.js
Thu Jul 16 2020 16:31:41 GMT+0300 (GMT+03:00) GET /src/pictures/meeting.jpg
Thu Jul 16 2020 16:31:41 GMT+0300 (GMT+03:00) GET /src/pictures/plane.jpg
Thu Jul 16 2020 16:31:41 GMT+0300 (GMT+03:00) GET /src/pictures/hostel.jpg
Thu Jul 16 2020 16:31:41 GMT+0300 (GMT+03:00) GET /src/pictures/mountains.jpg
Thu Jul 16 2020 16:31:41 GMT+0300 (GMT+03:00) GET /src/pictures/deal.jpg
Thu Jul 16 2020 16:31:41 GMT+0300 (GMT+03:00) GET /src/pictures/cards.png
Thu Jul 16 2020 16:31:41 GMT+0300 (GMT+03:00) GET /src/pictures/water.jpg
Thu Jul 16 2020 16:31:41 GMT+0300 (GMT+03:00) GET /src/pictures/people.jpg
Thu Jul 16 2020 16:31:41 GMT+0300 (GMT+03:00) GET /src/pictures/icon_top.png
Thu Jul 16 2020 16:31:41 GMT+0300 (GMT+03:00) GET /src/fonts/CormorantInfant-Regular.ttf
Thu Jul 16 2020 16:31:41 GMT+0300 (GMT+03:00) GET /src/fonts/Montserrat-ExtraLight.ttf
Thu Jul 16 2020 16:31:41 GMT+0300 (GMT+03:00) GET /src/pictures/globe.svg
Thu Jul 16 2020 16:31:52 GMT+0300 (GMT+03:00) GET /
Thu Jul 16 2020 16:31:52 GMT+0300 (GMT+03:00) GET /css/css.css
Thu Jul 16 2020 16:31:52 GMT+0300 (GMT+03:00) GET /bs/css/bootstrap.min.css
Thu Jul 16 2020 16:31:52 GMT+0300 (GMT+03:00) GET /css/animate.css
Thu Jul 16 2020 16:31:52 GMT+0300 (GMT+03:00) GET /bs/js/jquery-3.5.1.js
Thu Jul 16 2020 16:31:52 GMT+0300 (GMT+03:00) GET /bs/js/popper.min.js
Thu Jul 16 2020 16:31:52 GMT+0300 (GMT+03:00) GET /bs/js/bootstrap.min.js
Thu Jul 16 2020 16:31:52 GMT+0300 (GMT+03:00) GET /js/js.js
Thu Jul 16 2020 16:31:52 GMT+0300 (GMT+03:00) GET /js/wow.min.js
Thu Jul 16 2020 16:31:52 GMT+0300 (GMT+03:00) GET /src/pictures/meeting.jpg
Thu Jul 16 2020 16:31:52 GMT+0300 (GMT+03:00) GET /src/pictures/plane.jpg
Thu Jul 16 2020 16:31:52 GMT+0300 (GMT+03:00) GET /src/pictures/hostel.jpg
Thu Jul 16 2020 16:31:52 GMT+0300 (GMT+03:00) GET /src/pictures/mountains.jpg
Thu Jul 16 2020 16:31:52 GMT+0300 (GMT+03:00) GET /src/pictures/deal.jpg
Thu Jul 16 2020 16:31:52 GMT+0300 (GMT+03:00) GET /src/pictures/cards.png
Thu Jul 16 2020 16:31:52 GMT+0300 (GMT+03:00) GET /src/pictures/water.jpg
Thu Jul 16 2020 16:31:52 GMT+0300 (GMT+03:00) GET /src/pictures/people.jpg
Thu Jul 16 2020 16:31:53 GMT+0300 (GMT+03:00) GET /bs/js/jquery-3.5.1.js
Thu Jul 16 2020 16:31:53 GMT+0300 (GMT+03:00) GET /bs/js/popper.min.js
Thu Jul 16 2020 16:31:53 GMT+0300 (GMT+03:00) GET /bs/js/bootstrap.min.js
Thu Jul 16 2020 16:31:53 GMT+0300 (GMT+03:00) GET /js/js.js
Thu Jul 16 2020 16:31:53 GMT+0300 (GMT+03:00) GET /js/wow.min.js
Thu Jul 16 2020 16:31:53 GMT+0300 (GMT+03:00) GET /src/pictures/meeting.jpg
Thu Jul 16 2020 16:31:53 GMT+0300 (GMT+03:00) GET /src/pictures/plane.jpg
Thu Jul 16 2020 16:31:53 GMT+0300 (GMT+03:00) GET /src/pictures/hostel.jpg
Thu Jul 16 2020 16:31:53 GMT+0300 (GMT+03:00) GET /src/pictures/mountains.jpg
Thu Jul 16 2020 16:31:53 GMT+0300 (GMT+03:00) GET /src/pictures/deal.jpg
Thu Jul 16 2020 16:31:53 GMT+0300 (GMT+03:00) GET /src/pictures/cards.png
Thu Jul 16 2020 16:31:53 GMT+0300 (GMT+03:00) GET /src/pictures/water.jpg
Thu Jul 16 2020 16:31:53 GMT+0300 (GMT+03:00) GET /src/fonts/CormorantInfant-Regular.ttf
Thu Jul 16 2020 16:31:53 GMT+0300 (GMT+03:00) GET /src/pictures/people.jpg
Thu Jul 16 2020 16:31:53 GMT+0300 (GMT+03:00) GET /src/fonts/Montserrat-ExtraLight.ttf
Thu Jul 16 2020 16:31:53 GMT+0300 (GMT+03:00) GET /src/pictures/icon_top.png
Thu Jul 16 2020 16:32:43 GMT+0300 (GMT+03:00) POST /
Thu Jul 16 2020 16:32:44 GMT+0300 (GMT+03:00) GET /css/css.css
Thu Jul 16 2020 16:32:44 GMT+0300 (GMT+03:00) GET /bs/css/bootstrap.min.css
Thu Jul 16 2020 16:32:44 GMT+0300 (GMT+03:00) GET /css/animate.css
Thu Jul 16 2020 16:32:44 GMT+0300 (GMT+03:00) GET /bs/js/jquery-3.5.1.js
Thu Jul 16 2020 16:32:44 GMT+0300 (GMT+03:00) GET /bs/js/popper.min.js
Thu Jul 16 2020 16:32:44 GMT+0300 (GMT+03:00) GET /js/wow.min.js
Thu Jul 16 2020 16:32:44 GMT+0300 (GMT+03:00) GET /bs/js/bootstrap.min.js
Thu Jul 16 2020 16:32:44 GMT+0300 (GMT+03:00) GET /js/js.js
Thu Jul 16 2020 16:32:44 GMT+0300 (GMT+03:00) GET /src/pictures/meeting.jpg
Thu Jul 16 2020 16:32:44 GMT+0300 (GMT+03:00) GET /src/pictures/plane.jpg
Thu Jul 16 2020 16:32:44 GMT+0300 (GMT+03:00) GET /src/pictures/hostel.jpg
Thu Jul 16 2020 16:32:44 GMT+0300 (GMT+03:00) GET /src/pictures/mountains.jpg
Thu Jul 16 2020 16:32:44 GMT+0300 (GMT+03:00) GET /src/pictures/deal.jpg
Thu Jul 16 2020 16:32:44 GMT+0300 (GMT+03:00) GET /src/pictures/cards.png
Thu Jul 16 2020 16:32:44 GMT+0300 (GMT+03:00) GET /src/pictures/water.jpg
Thu Jul 16 2020 16:32:44 GMT+0300 (GMT+03:00) GET /src/pictures/people.jpg
Thu Jul 16 2020 16:32:44 GMT+0300 (GMT+03:00) GET /src/pictures/icon_top.png
Thu Jul 16 2020 16:32:44 GMT+0300 (GMT+03:00) GET /src/fonts/CormorantInfant-Regular.ttf
Thu Jul 16 2020 16:32:44 GMT+0300 (GMT+03:00) GET /src/fonts/Montserrat-ExtraLight.ttf
Thu Jul 16 2020 16:33:20 GMT+0300 (GMT+03:00) GET /
Thu Jul 16 2020 16:33:20 GMT+0300 (GMT+03:00) GET /css/css.css
Thu Jul 16 2020 16:33:20 GMT+0300 (GMT+03:00) GET /bs/css/bootstrap.min.css
Thu Jul 16 2020 16:33:20 GMT+0300 (GMT+03:00) GET /css/animate.css
Thu Jul 16 2020 16:33:20 GMT+0300 (GMT+03:00) GET /bs/js/jquery-3.5.1.js
Thu Jul 16 2020 16:33:20 GMT+0300 (GMT+03:00) GET /bs/js/popper.min.js
Thu Jul 16 2020 16:33:20 GMT+0300 (GMT+03:00) GET /bs/js/bootstrap.min.js
Thu Jul 16 2020 16:33:20 GMT+0300 (GMT+03:00) GET /js/js.js
Thu Jul 16 2020 16:33:20 GMT+0300 (GMT+03:00) GET /js/wow.min.js
Thu Jul 16 2020 16:33:20 GMT+0300 (GMT+03:00) GET /src/pictures/meeting.jpg
Thu Jul 16 2020 16:33:20 GMT+0300 (GMT+03:00) GET /src/pictures/plane.jpg
Thu Jul 16 2020 16:33:20 GMT+0300 (GMT+03:00) GET /src/pictures/hostel.jpg
Thu Jul 16 2020 16:33:20 GMT+0300 (GMT+03:00) GET /src/pictures/mountains.jpg
Thu Jul 16 2020 16:33:20 GMT+0300 (GMT+03:00) GET /src/pictures/deal.jpg
Thu Jul 16 2020 16:33:20 GMT+0300 (GMT+03:00) GET /src/pictures/cards.png
Thu Jul 16 2020 16:33:20 GMT+0300 (GMT+03:00) GET /src/pictures/water.jpg
Thu Jul 16 2020 16:33:20 GMT+0300 (GMT+03:00) GET /src/pictures/people.jpg
Thu Jul 16 2020 16:33:21 GMT+0300 (GMT+03:00) GET /src/pictures/icon_top.png
Thu Jul 16 2020 16:33:21 GMT+0300 (GMT+03:00) GET /src/fonts/CormorantInfant-Regular.ttf
Thu Jul 16 2020 16:33:21 GMT+0300 (GMT+03:00) GET /src/fonts/Montserrat-ExtraLight.ttf
Thu Jul 16 2020 16:33:45 GMT+0300 (GMT+03:00) POST /
Thu Jul 16 2020 16:34:27 GMT+0300 (GMT+03:00) POST /
Thu Jul 16 2020 16:34:27 GMT+0300 (GMT+03:00) GET /css/css.css
Thu Jul 16 2020 16:34:27 GMT+0300 (GMT+03:00) GET /bs/css/bootstrap.min.css
Thu Jul 16 2020 16:34:27 GMT+0300 (GMT+03:00) GET /bs/js/jquery-3.5.1.js
Thu Jul 16 2020 16:34:27 GMT+0300 (GMT+03:00) GET /bs/js/popper.min.js
Thu Jul 16 2020 16:34:27 GMT+0300 (GMT+03:00) GET /bs/js/bootstrap.min.js
Thu Jul 16 2020 16:34:27 GMT+0300 (GMT+03:00) GET /css/animate.css
Thu Jul 16 2020 16:34:27 GMT+0300 (GMT+03:00) GET /js/js.js
Thu Jul 16 2020 16:34:27 GMT+0300 (GMT+03:00) GET /js/wow.min.js
Thu Jul 16 2020 16:34:27 GMT+0300 (GMT+03:00) GET /src/pictures/meeting.jpg
Thu Jul 16 2020 16:34:27 GMT+0300 (GMT+03:00) GET /src/pictures/plane.jpg
Thu Jul 16 2020 16:34:27 GMT+0300 (GMT+03:00) GET /src/pictures/hostel.jpg
Thu Jul 16 2020 16:34:27 GMT+0300 (GMT+03:00) GET /src/pictures/mountains.jpg
Thu Jul 16 2020 16:34:27 GMT+0300 (GMT+03:00) GET /src/pictures/deal.jpg
Thu Jul 16 2020 16:34:27 GMT+0300 (GMT+03:00) GET /src/pictures/cards.png
Thu Jul 16 2020 16:34:27 GMT+0300 (GMT+03:00) GET /src/pictures/water.jpg
Thu Jul 16 2020 16:34:27 GMT+0300 (GMT+03:00) GET /src/pictures/people.jpg
Thu Jul 16 2020 16:41:14 GMT+0300 (GMT+03:00) GET /
Thu Jul 16 2020 16:41:15 GMT+0300 (GMT+03:00) GET /css/css.css
Thu Jul 16 2020 16:41:15 GMT+0300 (GMT+03:00) GET /bs/css/bootstrap.min.css
Thu Jul 16 2020 16:41:15 GMT+0300 (GMT+03:00) GET /css/animate.css
Thu Jul 16 2020 16:41:15 GMT+0300 (GMT+03:00) GET /bs/js/jquery-3.5.1.js
Thu Jul 16 2020 16:41:15 GMT+0300 (GMT+03:00) GET /js/jquery.maskedinput.js
Thu Jul 16 2020 16:41:15 GMT+0300 (GMT+03:00) GET /bs/js/popper.min.js
Thu Jul 16 2020 16:41:15 GMT+0300 (GMT+03:00) GET /bs/js/bootstrap.min.js
Thu Jul 16 2020 16:41:15 GMT+0300 (GMT+03:00) GET /js/js.js
Thu Jul 16 2020 16:41:15 GMT+0300 (GMT+03:00) GET /js/wow.min.js
Thu Jul 16 2020 16:41:15 GMT+0300 (GMT+03:00) GET /src/pictures/meeting.jpg
Thu Jul 16 2020 16:41:15 GMT+0300 (GMT+03:00) GET /src/pictures/plane.jpg
Thu Jul 16 2020 16:41:15 GMT+0300 (GMT+03:00) GET /src/pictures/hostel.jpg
Thu Jul 16 2020 16:41:15 GMT+0300 (GMT+03:00) GET /src/pictures/mountains.jpg
Thu Jul 16 2020 16:41:15 GMT+0300 (GMT+03:00) GET /src/pictures/deal.jpg
Thu Jul 16 2020 16:41:15 GMT+0300 (GMT+03:00) GET /src/pictures/cards.png
Thu Jul 16 2020 16:41:15 GMT+0300 (GMT+03:00) GET /src/pictures/water.jpg
Thu Jul 16 2020 16:41:15 GMT+0300 (GMT+03:00) GET /src/pictures/people.jpg
Thu Jul 16 2020 16:41:16 GMT+0300 (GMT+03:00) GET /src/pictures/icon_top.png
Thu Jul 16 2020 16:41:16 GMT+0300 (GMT+03:00) GET /src/fonts/CormorantInfant-Regular.ttf
Thu Jul 16 2020 16:41:16 GMT+0300 (GMT+03:00) GET /src/fonts/Montserrat-ExtraLight.ttf
Thu Jul 16 2020 16:41:29 GMT+0300 (GMT+03:00) POST /
Thu Jul 16 2020 16:41:29 GMT+0300 (GMT+03:00) GET /css/css.css
Thu Jul 16 2020 16:41:29 GMT+0300 (GMT+03:00) GET /bs/css/bootstrap.min.css
Thu Jul 16 2020 16:41:29 GMT+0300 (GMT+03:00) GET /bs/js/popper.min.js
Thu Jul 16 2020 16:41:29 GMT+0300 (GMT+03:00) GET /css/animate.css
Thu Jul 16 2020 16:41:29 GMT+0300 (GMT+03:00) GET /bs/js/jquery-3.5.1.js
Thu Jul 16 2020 16:41:29 GMT+0300 (GMT+03:00) GET /bs/js/bootstrap.min.js
Thu Jul 16 2020 16:41:29 GMT+0300 (GMT+03:00) GET /js/jquery.maskedinput.js
Thu Jul 16 2020 16:41:29 GMT+0300 (GMT+03:00) GET /js/js.js
Thu Jul 16 2020 16:41:29 GMT+0300 (GMT+03:00) GET /js/wow.min.js
Thu Jul 16 2020 16:41:29 GMT+0300 (GMT+03:00) GET /src/pictures/meeting.jpg
Thu Jul 16 2020 16:41:29 GMT+0300 (GMT+03:00) GET /src/pictures/plane.jpg
Thu Jul 16 2020 16:41:29 GMT+0300 (GMT+03:00) GET /src/pictures/hostel.jpg
Thu Jul 16 2020 16:41:29 GMT+0300 (GMT+03:00) GET /src/pictures/mountains.jpg
Thu Jul 16 2020 16:41:29 GMT+0300 (GMT+03:00) GET /src/pictures/deal.jpg
Thu Jul 16 2020 16:41:29 GMT+0300 (GMT+03:00) GET /src/pictures/cards.png
Thu Jul 16 2020 16:41:29 GMT+0300 (GMT+03:00) GET /src/pictures/water.jpg
Thu Jul 16 2020 16:41:29 GMT+0300 (GMT+03:00) GET /src/pictures/people.jpg
Thu Jul 16 2020 16:41:29 GMT+0300 (GMT+03:00) GET /src/pictures/icon_top.png
Thu Jul 16 2020 16:41:29 GMT+0300 (GMT+03:00) GET /src/fonts/CormorantInfant-Regular.ttf
Thu Jul 16 2020 16:41:29 GMT+0300 (GMT+03:00) GET /src/fonts/Montserrat-ExtraLight.ttf
Thu Jul 16 2020 16:48:43 GMT+0300 (GMT+03:00) GET /
Thu Jul 16 2020 16:49:02 GMT+0300 (GMT+03:00) POST /
Thu Jul 16 2020 17:13:31 GMT+0300 (GMT+03:00) GET /
Thu Jul 16 2020 17:14:40 GMT+0300 (GMT+03:00) GET /
Thu Jul 16 2020 17:15:42 GMT+0300 (GMT+03:00) GET /
Thu Jul 16 2020 17:15:58 GMT+0300 (GMT+03:00) POST /
Thu Jul 16 2020 17:16:49 GMT+0300 (GMT+03:00) POST /
Thu Jul 16 2020 18:34:46 GMT+0300 (GMT+03:00) GET /
Thu Jul 16 2020 18:34:47 GMT+0300 (GMT+03:00) GET /about
Thu Jul 16 2020 18:34:49 GMT+0300 (GMT+03:00) GET /sdvdfbvdfvb
Thu Jul 16 2020 18:34:55 GMT+0300 (GMT+03:00) GET /about/dsvdsvsdv
Thu Jul 16 2020 18:34:55 GMT+0300 (GMT+03:00) GET /about
Thu Jul 16 2020 18:35:18 GMT+0300 (GMT+03:00) POST /
Thu Jul 16 2020 18:35:18 GMT+0300 (GMT+03:00) GET /about
Sat Jul 18 2020 16:01:43 GMT+0300 (GMT+03:00) GET /
Sat Jul 18 2020 16:01:43 GMT+0300 (GMT+03:00) GET /about
Sat Jul 18 2020 16:04:52 GMT+0300 (GMT+03:00) POST /
Sat Jul 18 2020 16:04:52 GMT+0300 (GMT+03:00) GET /about
Sat Jul 18 2020 16:05:52 GMT+0300 (GMT+03:00) GET /about
Sat Jul 18 2020 16:06:32 GMT+0300 (GMT+03:00) POST /
Sat Jul 18 2020 16:06:32 GMT+0300 (GMT+03:00) GET /about
Sat Jul 18 2020 16:08:06 GMT+0300 (GMT+03:00) GET /about
Sat Jul 18 2020 16:08:20 GMT+0300 (GMT+03:00) POST /
Sat Jul 18 2020 16:08:20 GMT+0300 (GMT+03:00) GET /about
Sat Jul 18 2020 16:08:55 GMT+0300 (GMT+03:00) GET /about
Sat Jul 18 2020 16:09:08 GMT+0300 (GMT+03:00) POST /
Sat Jul 18 2020 16:09:08 GMT+0300 (GMT+03:00) GET /about
Sat Jul 18 2020 16:10:24 GMT+0300 (GMT+03:00) POST /
Sat Jul 18 2020 16:10:24 GMT+0300 (GMT+03:00) GET /about
Sat Jul 18 2020 16:10:34 GMT+0300 (GMT+03:00) GET /
Sat Jul 18 2020 16:10:34 GMT+0300 (GMT+03:00) GET /about
Sat Jul 18 2020 16:10:48 GMT+0300 (GMT+03:00) POST /
Sat Jul 18 2020 16:10:48 GMT+0300 (GMT+03:00) GET /about
Sat Jul 18 2020 16:11:46 GMT+0300 (GMT+03:00) GET /about
Sat Jul 18 2020 16:12:00 GMT+0300 (GMT+03:00) POST /about
Sat Jul 18 2020 16:12:00 GMT+0300 (GMT+03:00) GET /about
Sat Jul 18 2020 16:14:03 GMT+0300 (GMT+03:00) GET /about
Sat Jul 18 2020 16:16:37 GMT+0300 (GMT+03:00) POST /about
Sat Jul 18 2020 16:16:38 GMT+0300 (GMT+03:00) GET /about
Sat Jul 18 2020 16:19:05 GMT+0300 (GMT+03:00) GET /aboutfgfhgfhtdrsthjtkrysjfkyu
Sat Jul 18 2020 16:19:05 GMT+0300 (GMT+03:00) GET /about
